Log file for defect2seg
Mon Feb  9 18:06:22 CET 2026

setenv SUBJECTS_DIR /out/sourcedata/freesurfer
cd /out/sourcedata/freesurfer/sub-v1s0x0050642_ses-1/scripts
/opt/freesurfer/bin/defect2seg --s sub-v1s0x0050642_ses-1 --rh-only --cortex

freesurfer-linux-ubuntu22_x86_64-7.3.2-20220804-6354275
defect2seg 7.3.2
Linux calypso4 6.8.0-79-generic #79-Ubuntu SMP PREEMPT_DYNAMIC Tue Aug 12 14:42:46 UTC 2025 x86_64 x86_64 x86_64 GNU/Linux
pid 3967596
mri_label2label --label-cortex /out/sourcedata/freesurfer/sub-v1s0x0050642_ses-1/surf/rh.orig.nofix /out/sourcedata/freesurfer/sub-v1s0x0050642_ses-1/mri/aseg.presurf.mgz 0 /out/sourcedata/freesurfer/sub-v1s0x0050642_ses-1/label/rh.nofix.cortex.label

 Generating cortex label... RemoveHipAmgy=0
 NucAccIsMedialWall=0
 mris->useRealRAS=0
22 non-cortical segments detected
only using segment with 8201 vertices
erasing segment 0 (vno[0] = 45751)
erasing segment 2 (vno[0] = 46985)
erasing segment 3 (vno[0] = 52403)
erasing segment 4 (vno[0] = 53580)
erasing segment 5 (vno[0] = 60702)
erasing segment 6 (vno[0] = 62146)
erasing segment 7 (vno[0] = 67468)
erasing segment 8 (vno[0] = 72113)
erasing segment 9 (vno[0] = 76514)
erasing segment 10 (vno[0] = 84216)
erasing segment 11 (vno[0] = 86473)
erasing segment 12 (vno[0] = 94820)
erasing segment 13 (vno[0] = 101105)
erasing segment 14 (vno[0] = 101121)
erasing segment 15 (vno[0] = 101149)
erasing segment 16 (vno[0] = 101171)
erasing segment 17 (vno[0] = 102081)
erasing segment 18 (vno[0] = 102752)
erasing segment 19 (vno[0] = 103040)
erasing segment 20 (vno[0] = 103041)
erasing segment 21 (vno[0] = 117421)
mri_label2vol --defects /out/sourcedata/freesurfer/sub-v1s0x0050642_ses-1/surf/rh.orig.nofix /out/sourcedata/freesurfer/sub-v1s0x0050642_ses-1/surf/rh.defect_labels /out/sourcedata/freesurfer/sub-v1s0x0050642_ses-1/mri/orig.mgz 2000 0 /out/sourcedata/freesurfer/sub-v1s0x0050642_ses-1/mri/rh.surface.defects.mgz /out/sourcedata/freesurfer/sub-v1s0x0050642_ses-1/label/rh.nofix.cortex.label
mri_label2vol supposed to be reproducible but seed not set
Contraining to label /out/sourcedata/freesurfer/sub-v1s0x0050642_ses-1/label/rh.nofix.cortex.label
Changing input type 0 to MRI_INT
Converting defects to volume: offset=2000, merge=0
Writing to /out/sourcedata/freesurfer/sub-v1s0x0050642_ses-1/mri/rh.surface.defects.mgz
mris_defects_pointset -s /out/sourcedata/freesurfer/sub-v1s0x0050642_ses-1/surf/rh.orig.nofix -d /out/sourcedata/freesurfer/sub-v1s0x0050642_ses-1/surf/rh.defect_labels -o /out/sourcedata/freesurfer/sub-v1s0x0050642_ses-1/surf/rh.defects.pointset --label /out/sourcedata/freesurfer/sub-v1s0x0050642_ses-1/label/rh.nofix.cortex.label
Reading in surface /out/sourcedata/freesurfer/sub-v1s0x0050642_ses-1/surf/rh.orig.nofix
Reading in defect segmentation /out/sourcedata/freesurfer/sub-v1s0x0050642_ses-1/surf/rh.defect_labels
Reading in label /out/sourcedata/freesurfer/sub-v1s0x0050642_ses-1/label/rh.nofix.cortex.label
#VMPC# mris_defects_pointset 1303132
mris_defects_pointset done
 
Started at Mon Feb 9 18:06:22 CET 2026 
Ended   at Mon Feb  9 18:06:44 CET 2026
Defect2seg-Run-Time-Sec 22
Defect2seg-Run-Time-Min 0.44
Defect2seg-Run-Time-Hours 0.01
 
defect2seg Done
