status file for recon-all
Mon Feb  9 18:02:11 CET 2026
#@# Tessellate rh Mon Feb  9 18:02:11 CET 2026
#@# Smooth1 rh Mon Feb  9 18:02:20 CET 2026
#@# Inflation1 rh Mon Feb  9 18:02:26 CET 2026
#@# QSphere rh Mon Feb  9 18:02:44 CET 2026
#@# Fix Topology rh Mon Feb  9 18:04:29 CET 2026
#@# Smooth2 rh Mon Feb  9 18:11:16 CET 2026
#@# Inflation2 rh Mon Feb  9 18:11:23 CET 2026
#@# Curv .H and .K rh Mon Feb  9 18:11:42 CET 2026
#@# Sphere rh Mon Feb  9 18:12:35 CET 2026
#@# Surf Reg rh Mon Feb  9 18:17:19 CET 2026
#@# Jacobian white rh Mon Feb  9 18:22:34 CET 2026
#@# AvgCurv rh Mon Feb  9 18:22:35 CET 2026
#@# Cortical Parc rh Mon Feb  9 18:22:37 CET 2026
#@# white curv rh Mon Feb  9 18:28:51 CET 2026
#@# white area rh Mon Feb  9 18:28:54 CET 2026
#@# pial curv rh Mon Feb  9 18:28:55 CET 2026
#@# pial area rh Mon Feb  9 18:28:58 CET 2026
#@# thickness rh Mon Feb  9 18:28:59 CET 2026
#@# area and vertex vol rh Mon Feb  9 18:29:36 CET 2026
#@# Curvature Stats rh Mon Feb  9 18:29:39 CET 2026
#@# Cortical Parc 2 rh Mon Feb  9 18:29:45 CET 2026
#@# Cortical Parc 3 rh Mon Feb  9 18:30:01 CET 2026
#@# WM/GM Contrast rh Mon Feb  9 18:30:12 CET 2026
recon-all -s sub-v1s0x0050642_ses-1 finished without error at Mon Feb  9 18:30:17 CET 2026



#New# invocation of recon-all 



status file for recon-all
Mon Feb  9 18:40:58 CET 2026
#@# white curv rh Mon Feb  9 18:40:58 CET 2026
#@# white area rh Mon Feb  9 18:40:58 CET 2026
#@# pial curv rh Mon Feb  9 18:40:58 CET 2026
#@# pial area rh Mon Feb  9 18:40:58 CET 2026
#@# thickness rh Mon Feb  9 18:40:58 CET 2026
#@# area and vertex vol rh Mon Feb  9 18:40:58 CET 2026
#@# Parcellation Stats rh Mon Feb  9 18:40:58 CET 2026
#@# Parcellation Stats 2 rh Mon Feb  9 18:41:28 CET 2026
#@# Parcellation Stats 3 rh Mon Feb  9 18:41:45 CET 2026
#@# BA_exvivo Labels rh Mon Feb  9 18:41:59 CET 2026
recon-all -s sub-v1s0x0050642_ses-1 finished without error at Mon Feb  9 18:46:01 CET 2026
