status file for recon-all
Mon Feb  9 17:33:18 CET 2026
#@# Tessellate lh Mon Feb  9 17:33:18 CET 2026
#@# Smooth1 lh Mon Feb  9 17:33:28 CET 2026
#@# Inflation1 lh Mon Feb  9 17:33:34 CET 2026
#@# QSphere lh Mon Feb  9 17:33:53 CET 2026
#@# Fix Topology lh Mon Feb  9 17:35:32 CET 2026
#@# Smooth2 lh Mon Feb  9 17:43:24 CET 2026
#@# Inflation2 lh Mon Feb  9 17:43:30 CET 2026
#@# Curv .H and .K lh Mon Feb  9 17:43:50 CET 2026
#@# Sphere lh Mon Feb  9 17:44:44 CET 2026
#@# Surf Reg lh Mon Feb  9 17:49:28 CET 2026
#@# Jacobian white lh Mon Feb  9 17:54:55 CET 2026
#@# AvgCurv lh Mon Feb  9 17:54:56 CET 2026
#@# Cortical Parc lh Mon Feb  9 17:54:58 CET 2026
#@# white curv lh Mon Feb  9 18:00:39 CET 2026
#@# white area lh Mon Feb  9 18:00:41 CET 2026
#@# pial curv lh Mon Feb  9 18:00:43 CET 2026
#@# pial area lh Mon Feb  9 18:00:45 CET 2026
#@# thickness lh Mon Feb  9 18:00:46 CET 2026
#@# area and vertex vol lh Mon Feb  9 18:01:24 CET 2026
#@# Curvature Stats lh Mon Feb  9 18:01:27 CET 2026
#@# Cortical Parc 2 lh Mon Feb  9 18:01:33 CET 2026
#@# Cortical Parc 3 lh Mon Feb  9 18:01:49 CET 2026
#@# WM/GM Contrast lh Mon Feb  9 18:02:01 CET 2026
recon-all -s sub-v1s0x0050642_ses-1 finished without error at Mon Feb  9 18:02:06 CET 2026



#New# invocation of recon-all 



status file for recon-all
Mon Feb  9 18:35:47 CET 2026
#@# white curv lh Mon Feb  9 18:35:48 CET 2026
#@# white area lh Mon Feb  9 18:35:48 CET 2026
#@# pial curv lh Mon Feb  9 18:35:48 CET 2026
#@# pial area lh Mon Feb  9 18:35:48 CET 2026
#@# thickness lh Mon Feb  9 18:35:48 CET 2026
#@# area and vertex vol lh Mon Feb  9 18:35:48 CET 2026
#@# Parcellation Stats lh Mon Feb  9 18:35:48 CET 2026
#@# Parcellation Stats 2 lh Mon Feb  9 18:36:20 CET 2026
#@# Parcellation Stats 3 lh Mon Feb  9 18:36:36 CET 2026
#@# BA_exvivo Labels lh Mon Feb  9 18:36:53 CET 2026
recon-all -s sub-v1s0x0050642_ses-1 finished without error at Mon Feb  9 18:40:52 CET 2026
