status file for recon-all
Mon Feb  9 15:39:14 CET 2026
#@# MotionCor Mon Feb  9 15:39:25 CET 2026
#@# Talairach Mon Feb  9 15:39:36 CET 2026
#@# Talairach Failure Detection Mon Feb  9 15:43:36 CET 2026
#@# Nu Intensity Correction Mon Feb  9 15:43:36 CET 2026
#@# Intensity Normalization Mon Feb  9 15:47:25 CET 2026
recon-all -s sub-v1s0x0050642_ses-1 finished without error at Mon Feb  9 15:48:50 CET 2026



#New# invocation of recon-all 



status file for recon-all
Mon Feb  9 15:57:35 CET 2026
#@# EM Registration Mon Feb  9 15:57:35 CET 2026
recon-all -s sub-v1s0x0050642_ses-1 finished without error at Mon Feb  9 16:00:24 CET 2026



#New# invocation of recon-all 



status file for recon-all
Mon Feb  9 16:00:31 CET 2026
#@# CA Normalize Mon Feb  9 16:00:31 CET 2026
#@# CA Reg Mon Feb  9 16:01:33 CET 2026
#@# SubCort Seg Mon Feb  9 16:44:26 CET 2026
#@# CC Seg Mon Feb  9 17:26:38 CET 2026
#@# Merge ASeg Mon Feb  9 17:27:27 CET 2026
#@# Intensity Normalization2 Mon Feb  9 17:27:27 CET 2026
#@# Mask BFS Mon Feb  9 17:29:35 CET 2026
#@# WM Segmentation Mon Feb  9 17:29:37 CET 2026
#@# Fill Mon Feb  9 17:32:05 CET 2026
recon-all -s sub-v1s0x0050642_ses-1 finished without error at Mon Feb  9 17:33:12 CET 2026



#New# invocation of recon-all 



status file for recon-all
Mon Feb  9 18:30:25 CET 2026
#@# white curv lh Mon Feb  9 18:30:25 CET 2026
#@# white area lh Mon Feb  9 18:30:25 CET 2026
#@# pial curv lh Mon Feb  9 18:30:25 CET 2026
#@# pial area lh Mon Feb  9 18:30:26 CET 2026
#@# thickness lh Mon Feb  9 18:30:26 CET 2026
#@# area and vertex vol lh Mon Feb  9 18:30:26 CET 2026
#@# white curv rh Mon Feb  9 18:30:26 CET 2026
#@# white area rh Mon Feb  9 18:30:26 CET 2026
#@# pial curv rh Mon Feb  9 18:30:26 CET 2026
#@# pial area rh Mon Feb  9 18:30:26 CET 2026
#@# thickness rh Mon Feb  9 18:30:26 CET 2026
#@# area and vertex vol rh Mon Feb  9 18:30:26 CET 2026
#@# Cortical ribbon mask Mon Feb  9 18:30:26 CET 2026
recon-all -s sub-v1s0x0050642_ses-1 finished without error at Mon Feb  9 18:35:41 CET 2026



#New# invocation of recon-all 



status file for recon-all
Mon Feb  9 18:46:09 CET 2026
#@# white curv lh Mon Feb  9 18:46:10 CET 2026
#@# white area lh Mon Feb  9 18:46:10 CET 2026
#@# pial curv lh Mon Feb  9 18:46:10 CET 2026
#@# pial area lh Mon Feb  9 18:46:10 CET 2026
#@# thickness lh Mon Feb  9 18:46:10 CET 2026
#@# area and vertex vol lh Mon Feb  9 18:46:10 CET 2026
#@# white curv rh Mon Feb  9 18:46:10 CET 2026
#@# white area rh Mon Feb  9 18:46:10 CET 2026
#@# pial curv rh Mon Feb  9 18:46:10 CET 2026
#@# pial area rh Mon Feb  9 18:46:10 CET 2026
#@# thickness rh Mon Feb  9 18:46:10 CET 2026
#@# area and vertex vol rh Mon Feb  9 18:46:10 CET 2026
#@# Curvature Stats lh Mon Feb  9 18:46:10 CET 2026
#@# Curvature Stats rh Mon Feb  9 18:46:16 CET 2026
#@# Relabel Hypointensities Mon Feb  9 18:46:22 CET 2026
#@# APas-to-ASeg Mon Feb  9 18:46:41 CET 2026
#@# AParc-to-ASeg aparc Mon Feb  9 18:46:51 CET 2026
#@# AParc-to-ASeg aparc.a2009s Mon Feb  9 18:47:33 CET 2026
#@# AParc-to-ASeg aparc.DKTatlas Mon Feb  9 18:48:14 CET 2026
#@# WMParc Mon Feb  9 18:48:56 CET 2026
#@# ASeg Stats Mon Feb  9 18:51:29 CET 2026
recon-all -s sub-v1s0x0050642_ses-1 finished without error at Mon Feb  9 18:51:58 CET 2026
