/out/sourcedata/freesurfer/sub-v1s0x0050642_ses-1/mri
/opt/freesurfer/bin/talairach_avi
--i orig_nu.mgz --xfm transforms/talairach.auto.xfm
talairach_avi 7.3.2
Linux calypso4 6.8.0-79-generic #79-Ubuntu SMP PREEMPT_DYNAMIC Tue Aug 12 14:42:46 UTC 2025 x86_64 x86_64 x86_64 GNU/Linux
Mon Feb  9 15:42:54 CET 2026
mri_convert orig_nu.mgz talsrcimg.img 
reading from orig_nu.mgz...
TR=0.00, TE=0.00, TI=0.00, flip angle=0.00
i_ras = (-1, 0, 0)
j_ras = (0, 0, -1)
k_ras = (0, 1, 0)
writing to talsrcimg.img...
Analyze Output Matrix
-1.00000   0.00000   0.00000   127.50000;
 0.00000   0.00000   1.00000  -140.50000;
 0.00000  -1.00000   0.00000   137.50000;
 0.00000   0.00000   0.00000   1.00000;
--------------------
INFO: set hdr.hist.orient to -1
mpr2mni305 talsrcimg
Mon Feb  9 15:43:03 CET 2026
/opt/freesurfer/bin/mpr2mni305 talsrcimg
mpr2mni305 7.3.2
target=711-2C_as_mni_average_305

---------------------------------------------------------------------
analyzeto4dfp talsrcimg -O0 -y
---------------------------------------------------------------------

freesurfer ifh2hdr.c
Mon Feb  9 15:43:04 2026
Writing: talsrcimg.4dfp.hdr
freesurfer analyzeto4dfp.c
Reading: talsrcimg.hdr
header size 348 bytes
hdr.dime.datatype	offset=70	value=2
hdr.dime.bitpix		offset=72	value=8
hdr.hist.orient		offset=252	value=-1
dimensionality     4
dimensions       256       256       256         1
Reading: talsrcimg.img
Writing: talsrcimg.4dfp.img
Writing: talsrcimg.4dfp.ifh
ifh2hdr talsrcimg -r0to246
ori=2

---------------------------------------------------------------------
gauss_4dfp talsrcimg 1.1
---------------------------------------------------------------------

freesurfer gauss_4dfp.c
Reading: talsrcimg.4dfp.img
Writing: talsrcimg_g11.4dfp.img
image dimensions 256 256 256 padded to 288 288 288
processing volume 1freesurfer ifh2hdr.c
Mon Feb  9 15:43:12 2026
Writing: talsrcimg_g11.4dfp.hdr

Writing: talsrcimg_g11.4dfp.ifh
including: talsrcimg.4dfp.img.rec in talsrcimg_g11.4dfp.img.rec

---------------------------------------------------------------------
imgreg_4dfp /opt/freesurfer/average/711-2C_as_mni_average_305 none talsrcimg_g11 none talsrcimg_to_711-2C_as_mni_average_305_t4 4355
---------------------------------------------------------------------

freesurfer imgreg_4dfp.c
/opt/freesurfer/average/711-2C_as_mni_average_305.4dfp.img
       256       256       256         1
  1.000000  1.000000  1.000000
orientation T byte_order littleendian
Reading image: /opt/freesurfer/average/711-2C_as_mni_average_305.4dfp.img
dimensions:      256       256       256
mmppix:       1.0000   -1.0000   -1.0000
center:     128.0000 -129.0000 -129.0000
talsrcimg_g11.4dfp.img
       256       256       256         1
  1.000000  1.000000  1.000000
orientation T byte_order littleendian
Reading image: talsrcimg_g11.4dfp.img
dimensions:      256       256       256
mmppix:       1.0000   -1.0000   -1.0000
center:     128.0000 -129.0000 -129.0000
t4_read: open error in t4_sub.f l:  41 t4_file(1:l)talsrcimg_to_711-2C_as_mni_average_305_t4 
t4_read: transform initialized to I4
rotation matrix determinant  1.000000
image alignment mode   4355 decimal     1103 hex
   -7.5000  -45.0000  -45.0000 8671.9287   13.1149
    0.0000  -45.0000  -45.0000 9065.0098   13.1005
    7.5000  -45.0000  -45.0000 8636.7520   13.1007
   -7.5000  -37.5000  -45.0000 9194.6377   13.1004
    0.0000  -37.5000  -45.0000 9625.0215   13.0896
    7.5000  -37.5000  -45.0000 9148.0371   13.0853
   -7.5000  -30.0000  -45.0000 9929.9648   13.1410
    0.0000  -30.0000  -45.000010412.4717   13.1284
    7.5000  -30.0000  -45.0000 9874.4004   13.1183
   -7.5000  -22.5000  -45.000010588.0664   13.2103
    0.0000  -22.5000  -45.000011078.8369   13.1917
    7.5000  -22.5000  -45.000010509.7217   13.1803
   -7.5000  -15.0000  -45.000011162.7158   13.2309
    0.0000  -15.0000  -45.000011682.1426   13.2087
    7.5000  -15.0000  -45.000011053.3291   13.2010
   -7.5000   -7.5000  -45.000011778.9727   13.1763
    0.0000   -7.5000  -45.000012336.5039   13.1563
    7.5000   -7.5000  -45.000011647.4277   13.1546
   -7.5000    0.0000  -45.000012370.0352   13.1149
    0.0000    0.0000  -45.000012957.1943   13.1005
    7.5000    0.0000  -45.000012228.5303   13.1007
   -7.5000    7.5000  -45.000011893.5449   13.1004
    0.0000    7.5000  -45.000012474.2080   13.0896
    7.5000    7.5000  -45.000011744.7891   13.0853
   -7.5000   15.0000  -45.000011175.0527   13.1410
    0.0000   15.0000  -45.000011751.3721   13.1284
    7.5000   15.0000  -45.000011071.3037   13.1183
   -7.5000   22.5000  -45.000010239.2412   13.2085
    0.0000   22.5000  -45.000010785.3525   13.1899
    7.5000   22.5000  -45.000010189.0010   13.1785
   -7.5000   30.0000  -45.0000 9253.8770   13.0546
    0.0000   30.0000  -45.0000 9748.4795   13.0327
    7.5000   30.0000  -45.0000 9214.6074   13.0251
   -7.5000   37.5000  -45.0000 8649.5498   13.0008
    0.0000   37.5000  -45.0000 9114.2852   12.9810
    7.5000   37.5000  -45.0000 8608.4316   12.9793
   -7.5000   45.0000  -45.0000 7819.1230   12.6116
    0.0000   45.0000  -45.0000 8234.4482   12.5977
    7.5000   45.0000  -45.0000 7771.9883   12.5979
   -7.5000  -45.0000  -37.5000 9182.5811   13.0620
    0.0000  -45.0000  -37.5000 9604.6201   13.0488
    7.5000  -45.0000  -37.5000 9143.8291   13.0493
   -7.5000  -37.5000  -37.5000 9752.8145   13.0438
    0.0000  -37.5000  -37.500010204.2773   13.0331
    7.5000  -37.5000  -37.5000 9688.6084   13.0315
   -7.5000  -30.0000  -37.500010561.5078   13.0792
    0.0000  -30.0000  -37.500011039.1162   13.0659
    7.5000  -30.0000  -37.500010479.8418   13.0594
   -7.5000  -22.5000  -37.500011259.6934   13.1461
    0.0000  -22.5000  -37.500011754.7041   13.1274
    7.5000  -22.5000  -37.500011161.1133   13.1177
   -7.5000  -15.0000  -37.500011864.5752   13.1697
    0.0000  -15.0000  -37.500012384.1357   13.1485
    7.5000  -15.0000  -37.500011732.6523   13.1399
   -7.5000   -7.5000  -37.500012509.8105   13.1211
    0.0000   -7.5000  -37.500013071.4600   13.1030
    7.5000   -7.5000  -37.500012347.7119   13.0996
   -7.5000    0.0000  -37.500013097.1523   13.0620
    0.0000    0.0000  -37.500013710.2646   13.0488
    7.5000    0.0000  -37.500012943.2295   13.0493
   -7.5000    7.5000  -37.500012507.8984   13.0438
    0.0000    7.5000  -37.500013106.7988   13.0331
    7.5000    7.5000  -37.500012346.3672   13.0315
   -7.5000   15.0000  -37.500011792.7744   13.0792
    0.0000   15.0000  -37.500012378.0254   13.0659
    7.5000   15.0000  -37.500011685.2178   13.0594
   -7.5000   22.5000  -37.500010822.3516   13.1443
    0.0000   22.5000  -37.500011377.7480   13.1256
    7.5000   22.5000  -37.500010750.7422   13.1159
   -7.5000   30.0000  -37.5000 9756.0146   12.9942
    0.0000   30.0000  -37.500010262.5576   12.9733
    7.5000   30.0000  -37.5000 9705.4912   12.9648
   -7.5000   37.5000  -37.5000 9095.3281   12.9462
    0.0000   37.5000  -37.5000 9568.0410   12.9284
    7.5000   37.5000  -37.5000 9043.3105   12.9251
   -7.5000   45.0000  -37.5000 8197.2549   12.5607
    0.0000   45.0000  -37.5000 8635.3193   12.5480
    7.5000   45.0000  -37.5000 8151.4307   12.5485
   -7.5000  -45.0000  -30.0000 9889.2969   13.5904
    0.0000  -45.0000  -30.000010331.7559   13.5738
    7.5000  -45.0000  -30.0000 9828.5479   13.5767
   -7.5000  -37.5000  -30.000010489.5986   13.5705
    0.0000  -37.5000  -30.000010957.3301   13.5557
    7.5000  -37.5000  -30.000010407.6221   13.5582
   -7.5000  -30.0000  -30.000011381.5557   13.6028
    0.0000  -30.0000  -30.000011875.8721   13.5863
    7.5000  -30.0000  -30.000011272.0518   13.5860
   -7.5000  -22.5000  -30.000012143.0967   13.6682
    0.0000  -22.5000  -30.000012657.9785   13.6477
    7.5000  -22.5000  -30.000012016.3428   13.6443
   -7.5000  -15.0000  -30.000012789.2842   13.6930
    0.0000  -15.0000  -30.000013340.8496   13.6705
    7.5000  -15.0000  -30.000012628.8008   13.6668
   -7.5000   -7.5000  -30.000013471.1152   13.6476
    0.0000   -7.5000  -30.000014058.7432   13.6274
    7.5000   -7.5000  -30.000013270.2490   13.6270
   -7.5000    0.0000  -30.000014085.5244   13.5904
    0.0000    0.0000  -30.000014703.2949   13.5738
    7.5000    0.0000  -30.000013899.4053   13.5767
   -7.5000    7.5000  -30.000013380.3379   13.5705
    0.0000    7.5000  -30.000013969.5928   13.5557
    7.5000    7.5000  -30.000013190.4600   13.5582
   -7.5000   15.0000  -30.000012636.6836   13.6028
    0.0000   15.0000  -30.000013210.3643   13.5863
    7.5000   15.0000  -30.000012499.8896   13.5860
   -7.5000   22.5000  -30.000011625.9209   13.6649
    0.0000   22.5000  -30.000012174.9375   13.6444
    7.5000   22.5000  -30.000011536.1484   13.6410
   -7.5000   30.0000  -30.000010473.9668   13.5118
    0.0000   30.0000  -30.000010974.5996   13.4896
    7.5000   30.0000  -30.000010401.4932   13.4859
   -7.5000   37.5000  -30.0000 9731.3301   13.4670
    0.0000   37.5000  -30.000010215.9004   13.4471
    7.5000   37.5000  -30.0000 9680.2666   13.4467
   -7.5000   45.0000  -30.0000 8737.4775   13.0784
    0.0000   45.0000  -30.0000 9182.9609   13.0624
    7.5000   45.0000  -30.0000 8680.0430   13.0652
   -7.5000  -45.0000  -22.500010594.3398   14.0335
    0.0000  -45.0000  -22.500011069.9463   14.0115
    7.5000  -45.0000  -22.500010521.4473   14.0157
   -7.5000  -37.5000  -22.500011218.4512   14.0171
    0.0000  -37.5000  -22.500011719.2578   13.9978
    7.5000  -37.5000  -22.500011121.1299   14.0007
   -7.5000  -30.0000  -22.500012208.2344   14.0524
    0.0000  -30.0000  -22.500012726.7666   14.0334
    7.5000  -30.0000  -22.500012074.2207   14.0346
   -7.5000  -22.5000  -22.500013024.2422   14.1176
    0.0000  -22.5000  -22.500013571.1260   14.0953
    7.5000  -22.5000  -22.500012864.6797   14.0963
   -7.5000  -15.0000  -22.500013726.7539   14.1389
    0.0000  -15.0000  -22.500014311.2822   14.1137
    7.5000  -15.0000  -22.500013509.7314   14.1158
   -7.5000   -7.5000  -22.500014439.0732   14.0903
    0.0000   -7.5000  -22.500015057.8945   14.0655
    7.5000   -7.5000  -22.500014168.7568   14.0694
   -7.5000    0.0000  -22.500015119.9521   14.0335
    0.0000    0.0000  -22.500015762.8359   14.0115
    7.5000    0.0000  -22.500014837.5430   14.0157
   -7.5000    7.5000  -22.500014315.3613   14.0171
    0.0000    7.5000  -22.500014918.4316   13.9978
    7.5000    7.5000  -22.500014065.8242   14.0007
   -7.5000   15.0000  -22.500013461.8135   14.0524
    0.0000   15.0000  -22.500014043.4170   14.0334
    7.5000   15.0000  -22.500013273.0605   14.0346
   -7.5000   22.5000  -22.500012434.0615   14.1133
    0.0000   22.5000  -22.500012962.1025   14.0909
    7.5000   22.5000  -22.500012257.8145   14.0919
   -7.5000   30.0000  -22.500011203.8457   13.9540
    0.0000   30.0000  -22.500011708.2607   13.9291
    7.5000   30.0000  -22.500011073.8027   13.9312
   -7.5000   37.5000  -22.500010407.4238   13.9060
    0.0000   37.5000  -22.500010894.2891   13.8815
    7.5000   37.5000  -22.500010296.0244   13.8854
   -7.5000   45.0000  -22.5000 9317.6250   13.5150
    0.0000   45.0000  -22.5000 9765.5586   13.4937
    7.5000   45.0000  -22.5000 9220.2676   13.4979
   -7.5000  -45.0000  -15.000011279.7246   14.3607
    0.0000  -45.0000  -15.000011766.1191   14.3360
    7.5000  -45.0000  -15.000011203.6963   14.3398
   -7.5000  -37.5000  -15.000011939.0439   14.3482
    0.0000  -37.5000  -15.000012444.1436   14.3280
    7.5000  -37.5000  -15.000011838.4248   14.3277
   -7.5000  -30.0000  -15.000013029.1211   14.3898
    0.0000  -30.0000  -15.000013540.0889   14.3709
    7.5000  -30.0000  -15.000012882.7861   14.3683
   -7.5000  -22.5000  -15.000013913.8086   14.4583
    0.0000  -22.5000  -15.000014468.1123   14.4356
    7.5000  -22.5000  -15.000013714.2842   14.4349
   -7.5000  -15.0000  -15.000014654.0068   14.4765
    0.0000  -15.0000  -15.000015234.3018   14.4494
    7.5000  -15.0000  -15.000014370.9385   14.4527
   -7.5000   -7.5000  -15.000015409.3828   14.4205
    0.0000   -7.5000  -15.000016007.6348   14.3928
    7.5000   -7.5000  -15.000015063.5430   14.3983
   -7.5000    0.0000  -15.000016161.2393   14.3607
    0.0000    0.0000  -15.000016797.3730   14.3360
    7.5000    0.0000  -15.000015805.8496   14.3398
   -7.5000    7.5000  -15.000015239.7822   14.3482
    0.0000    7.5000  -15.000015860.9053   14.3280
    7.5000    7.5000  -15.000014934.9980   14.3277
   -7.5000   15.0000  -15.000014264.5547   14.3898
    0.0000   15.0000  -15.000014830.1523   14.3709
    7.5000   15.0000  -15.000014014.7031   14.3683
   -7.5000   22.5000  -15.000013191.8916   14.4532
    0.0000   22.5000  -15.000013726.4912   14.4305
    7.5000   22.5000  -15.000012981.8057   14.4298
   -7.5000   30.0000  -15.000011918.1592   14.2891
    0.0000   30.0000  -15.000012434.6025   14.2624
    7.5000   30.0000  -15.000011740.6670   14.2657
   -7.5000   37.5000  -15.000011093.5732   14.2339
    0.0000   37.5000  -15.000011604.3105   14.2065
    7.5000   37.5000  -15.000010936.3369   14.2120
   -7.5000   45.0000  -15.0000 9927.7441   13.8384
    0.0000   45.0000  -15.000010402.5527   13.8146
    7.5000   45.0000  -15.0000 9797.5156   13.8183
   -7.5000  -45.0000   -7.500011959.0518   14.5464
    0.0000  -45.0000   -7.500012458.0000   14.5251
    7.5000  -45.0000   -7.500011864.5713   14.5271
   -7.5000  -37.5000   -7.500012657.4541   14.5341
    0.0000  -37.5000   -7.500013188.0928   14.5176
    7.5000  -37.5000   -7.500012544.3936   14.5139
   -7.5000  -30.0000   -7.500013869.4492   14.5802
    0.0000  -30.0000   -7.500014412.7012   14.5638
    7.5000  -30.0000   -7.500013698.6025   14.5556
   -7.5000  -22.5000   -7.500014855.9033   14.6543
    0.0000  -22.5000   -7.500015464.6953   14.6325
    7.5000  -22.5000   -7.500014588.2666   14.6254
   -7.5000  -15.0000   -7.500015596.2646   14.6732
    0.0000  -15.0000   -7.500016201.7188   14.6467
    7.5000  -15.0000   -7.500015241.7061   14.6449
   -7.5000   -7.5000   -7.500016379.1426   14.6116
    0.0000   -7.5000   -7.500016962.0898   14.5856
    7.5000   -7.5000   -7.500015974.2490   14.5884
   -7.5000    0.0000   -7.500017261.0234   14.5464
    0.0000    0.0000   -7.500017867.9805   14.5251
    7.5000    0.0000   -7.500016838.9297   14.5271
   -7.5000    7.5000   -7.500016251.4619   14.5341
    0.0000    7.5000   -7.500016843.4238   14.5176
    7.5000    7.5000   -7.500015870.8730   14.5139
   -7.5000   15.0000   -7.500015216.2188   14.5802
    0.0000   15.0000   -7.500015769.8857   14.5638
    7.5000   15.0000   -7.500014836.2949   14.5556
   -7.5000   22.5000   -7.500014096.4980   14.6475
    0.0000   22.5000   -7.500014640.5410   14.6257
    7.5000   22.5000   -7.500013759.6826   14.6186
   -7.5000   30.0000   -7.500012744.3691   14.4829
    0.0000   30.0000   -7.500013290.8945   14.4567
    7.5000   30.0000   -7.500012480.3652   14.4549
   -7.5000   37.5000   -7.500011838.9424   14.4221
    0.0000   37.5000   -7.500012376.8086   14.3965
    7.5000   37.5000   -7.500011602.6172   14.3992
   -7.5000   45.0000   -7.500010597.9385   14.0200
    0.0000   45.0000   -7.500011103.4170   13.9995
    7.5000   45.0000   -7.500010404.4531   14.0014
   -7.5000  -45.0000    0.000012528.5889   14.6030
    0.0000  -45.0000    0.000013103.8359   14.5871
    7.5000  -45.0000    0.000012393.6982   14.5872
   -7.5000  -37.5000    0.000013259.2432   14.5873
    0.0000  -37.5000    0.000013838.5654   14.5753
    7.5000  -37.5000    0.000013105.3213   14.5705
   -7.5000  -30.0000    0.000014597.1104   14.6329
    0.0000  -30.0000    0.000015236.0049   14.6187
    7.5000  -30.0000    0.000014383.0801   14.6075
   -7.5000  -22.5000    0.000015774.7705   14.7097
    0.0000  -22.5000    0.000016520.5820   14.6889
    7.5000  -22.5000    0.000015431.2676   14.6762
   -7.5000  -15.0000    0.000016624.3164   14.7321
    0.0000  -15.0000    0.000017352.8965   14.7074
    7.5000  -15.0000    0.000016163.3438   14.6988
   -7.5000   -7.5000    0.000017489.1680   14.6712
    0.0000   -7.5000    0.000018116.2910   14.6490
    7.5000   -7.5000    0.000016950.9570   14.6470
   -7.5000    0.0000    0.000018402.3965   14.6030
    0.0000    0.0000    0.000019076.2344   14.5871
    7.5000    0.0000    0.000017837.6914   14.5872
   -7.5000    7.5000    0.000017303.1191   14.5873
    0.0000    7.5000    0.000018011.5391   14.5753
    7.5000    7.5000    0.000016765.7715   14.5705
   -7.5000   15.0000    0.000016166.2227   14.6329
    0.0000   15.0000    0.000016837.2617   14.6187
    7.5000   15.0000    0.000015610.8203   14.6075
   -7.5000   22.5000    0.000014910.5742   14.7029
    0.0000   22.5000    0.000015562.9336   14.6821
    7.5000   22.5000    0.000014420.9756   14.6694
   -7.5000   30.0000    0.000013460.4688   14.5415
    0.0000   30.0000    0.000014103.8213   14.5171
    7.5000   30.0000    0.000013083.5947   14.5086
   -7.5000   37.5000    0.000012500.8955   14.4813
    0.0000   37.5000    0.000013123.6855   14.4594
    7.5000   37.5000    0.000012189.4492   14.4574
   -7.5000   45.0000    0.000011169.7393   14.0756
    0.0000   45.0000    0.000011716.9023   14.0602
    7.5000   45.0000    0.000010922.8096   14.0603
   -7.5000  -45.0000    7.500012161.5400   14.6109
    0.0000  -45.0000    7.500012705.9385   14.5963
    7.5000  -45.0000    7.500012024.0342   14.5969
   -7.5000  -37.5000    7.500012830.7109   14.5906
    0.0000  -37.5000    7.500013401.8867   14.5787
    7.5000  -37.5000    7.500012666.7471   14.5770
   -7.5000  -30.0000    7.500014093.8047   14.6301
    0.0000  -30.0000    7.500014795.8867   14.6152
    7.5000  -30.0000    7.500013889.7480   14.6081
   -7.5000  -22.5000    7.500015330.0586   14.7047
    0.0000  -22.5000    7.500016363.3311   14.6839
    7.5000  -22.5000    7.500015012.8672   14.6730
   -7.5000  -15.0000    7.500016335.5781   14.7311
    0.0000  -15.0000    7.500017474.3887   14.7074
    7.5000  -15.0000    7.500015905.0684   14.6979
   -7.5000   -7.5000    7.500017173.6836   14.6769
    0.0000   -7.5000    7.500018242.1758   14.6567
    7.5000   -7.5000    7.500016701.9902   14.6530
   -7.5000    0.0000    7.500017998.7539   14.6109
    0.0000    0.0000    7.500019016.1328   14.5963
    7.5000    0.0000    7.500017437.2168   14.5969
   -7.5000    7.5000    7.500016895.8574   14.5906
    0.0000    7.5000    7.500017766.3008   14.5787
    7.5000    7.5000    7.500016298.5869   14.5770
   -7.5000   15.0000    7.500015702.6943   14.6301
    0.0000   15.0000    7.500016431.9473   14.6152
    7.5000   15.0000    7.500015137.9307   14.6081
   -7.5000   22.5000    7.500014445.4277   14.6980
    0.0000   22.5000    7.500015085.6670   14.6771
    7.5000   22.5000    7.500013954.8223   14.6663
   -7.5000   30.0000    7.500013051.2158   14.5404
    0.0000   30.0000    7.500013639.0791   14.5171
    7.5000   30.0000    7.500012697.5332   14.5077
   -7.5000   37.5000    7.500012132.2109   14.4869
    0.0000   37.5000    7.500012691.1162   14.4670
    7.5000   37.5000    7.500011825.3877   14.4634
   -7.5000   45.0000    7.500010852.6768   14.0833
    0.0000   45.0000    7.500011335.7959   14.0691
    7.5000   45.0000    7.500010581.5039   14.0697
   -7.5000  -45.0000   15.000011620.5303   14.5938
    0.0000  -45.0000   15.000012153.1953   14.5760
    7.5000  -45.0000   15.000011486.1270   14.5791
   -7.5000  -37.5000   15.000012262.4150   14.5725
    0.0000  -37.5000   15.000012864.5449   14.5565
    7.5000  -37.5000   15.000012107.1709   14.5593
   -7.5000  -30.0000   15.000013455.2910   14.6072
    0.0000  -30.0000   15.000014257.5186   14.5895
    7.5000  -30.0000   15.000013237.3760   14.5891
   -7.5000  -22.5000   15.000014612.6094   14.6774
    0.0000  -22.5000   15.000015659.1748   14.6553
    7.5000  -22.5000   15.000014300.9443   14.6517
   -7.5000  -15.0000   15.000015498.6172   14.7040
    0.0000  -15.0000   15.000016516.1758   14.6798
    7.5000  -15.0000   15.000015167.2217   14.6758
   -7.5000   -7.5000   15.000016361.8359   14.6553
    0.0000   -7.5000   15.000017310.4727   14.6336
    7.5000   -7.5000   15.000016004.2148   14.6331
   -7.5000    0.0000   15.000017207.3320   14.5938
    0.0000    0.0000   15.000018126.1582   14.5760
    7.5000    0.0000   15.000016741.6738   14.5791
   -7.5000    7.5000   15.000016151.5352   14.5725
    0.0000    7.5000   15.000016953.6387   14.5565
    7.5000    7.5000   15.000015652.3525   14.5593
   -7.5000   15.0000   15.000014952.4512   14.6072
    0.0000   15.0000   15.000015624.7861   14.5895
    7.5000   15.0000   15.000014476.5859   14.5891
   -7.5000   22.5000   15.000013702.3838   14.6706
    0.0000   22.5000   15.000014323.4883   14.6486
    7.5000   22.5000   15.000013296.7256   14.6450
   -7.5000   30.0000   15.000012413.7412   14.5137
    0.0000   30.0000   15.000013002.2207   14.4898
    7.5000   30.0000   15.000012104.0059   14.4859
   -7.5000   37.5000   15.000011521.9482   14.4656
    0.0000   37.5000   15.000012067.2314   14.4442
    7.5000   37.5000   15.000011268.8760   14.4438
   -7.5000   45.0000   15.000010324.0547   14.0668
    0.0000   45.0000   15.000010799.5039   14.0496
    7.5000   45.0000   15.000010093.6943   14.0526
   -7.5000  -45.0000   22.500010998.3477   14.5683
    0.0000  -45.0000   22.500011522.0791   14.5454
    7.5000  -45.0000   22.500010834.7480   14.5499
   -7.5000  -37.5000   22.500011617.5293   14.5513
    0.0000  -37.5000   22.500012183.5820   14.5312
    7.5000  -37.5000   22.500011454.4561   14.5343
   -7.5000  -30.0000   22.500012678.0908   14.5879
    0.0000  -30.0000   22.500013368.7344   14.5681
    7.5000  -30.0000   22.500012496.1416   14.5694
   -7.5000  -22.5000   22.500013625.5107   14.6556
    0.0000  -22.5000   22.500014429.6533   14.6324
    7.5000  -22.5000   22.500013440.2910   14.6334
   -7.5000  -15.0000   22.500014337.1221   14.6778
    0.0000  -15.0000   22.500015109.8770   14.6515
    7.5000  -15.0000   22.500014218.2578   14.6537
   -7.5000   -7.5000   22.500015191.5342   14.6272
    0.0000   -7.5000   22.500015938.7959   14.6015
    7.5000   -7.5000   22.500015017.2295   14.6055
   -7.5000    0.0000   22.500016043.8564   14.5683
    0.0000    0.0000   22.500016786.2578   14.5454
    7.5000    0.0000   22.500015755.0312   14.5499
   -7.5000    7.5000   22.500015139.4756   14.5513
    0.0000    7.5000   22.500015793.5684   14.5312
    7.5000    7.5000   22.500014769.0684   14.5343
   -7.5000   15.0000   22.500014033.7734   14.5879
    0.0000   15.0000   22.500014596.9795   14.5681
    7.5000   15.0000   22.500013665.9082   14.5694
   -7.5000   22.5000   22.500012866.2871   14.6489
    0.0000   22.5000   22.500013396.7148   14.6257
    7.5000   22.5000   22.500012533.3232   14.6267
   -7.5000   30.0000   22.500011670.2168   14.4878
    0.0000   30.0000   22.500012158.8740   14.4619
    7.5000   30.0000   22.500011373.1992   14.4641
   -7.5000   37.5000   22.500010817.7803   14.4379
    0.0000   37.5000   22.500011293.1758   14.4126
    7.5000   37.5000   22.500010595.1719   14.4165
   -7.5000   45.0000   22.5000 9667.5488   14.0422
    0.0000   45.0000   22.500010091.4854   14.0201
    7.5000   45.0000   22.5000 9482.0010   14.0244
   -7.5000  -45.0000   30.000010265.7129   14.6855
    0.0000  -45.0000   30.000010721.2773   14.6597
    7.5000  -45.0000   30.000010142.4375   14.6634
   -7.5000  -37.5000   30.000010815.3057   14.6727
    0.0000  -37.5000   30.000011303.1016   14.6515
    7.5000  -37.5000   30.000010710.3496   14.6511
   -7.5000  -30.0000   30.000011744.9561   14.7155
    0.0000  -30.0000   30.000012307.7949   14.6957
    7.5000  -30.0000   30.000011661.0312   14.6930
   -7.5000  -22.5000   30.000012570.7656   14.7861
    0.0000  -22.5000   30.000013166.6299   14.7623
    7.5000  -22.5000   30.000012519.8203   14.7615
   -7.5000  -15.0000   30.000013211.6133   14.8048
    0.0000  -15.0000   30.000013785.7402   14.7765
    7.5000  -15.0000   30.000013163.1738   14.7798
   -7.5000   -7.5000   30.000013988.4463   14.7471
    0.0000   -7.5000   30.000014567.4678   14.7182
    7.5000   -7.5000   30.000013894.8682   14.7236
   -7.5000    0.0000   30.000014766.9238   14.6855
    0.0000    0.0000   30.000015389.7393   14.6597
    7.5000    0.0000   30.000014602.3525   14.6634
   -7.5000    7.5000   30.000013995.4434   14.6727
    0.0000    7.5000   30.000014557.9980   14.6515
    7.5000    7.5000   30.000013762.0361   14.6511
   -7.5000   15.0000   30.000013011.2285   14.7155
    0.0000   15.0000   30.000013500.8955   14.6957
    7.5000   15.0000   30.000012751.7197   14.6930
   -7.5000   22.5000   30.000011942.0986   14.7793
    0.0000   22.5000   30.000012408.8389   14.7555
    7.5000   22.5000   30.000011691.2607   14.7547
   -7.5000   30.0000   30.000010828.7012   14.6132
    0.0000   30.0000   30.000011257.1846   14.5853
    7.5000   30.0000   30.000010593.7324   14.5885
   -7.5000   37.5000   30.000010062.3467   14.5562
    0.0000   37.5000   30.000010462.9062   14.5277
    7.5000   37.5000   30.0000 9883.1768   14.5331
   -7.5000   45.0000   30.0000 8977.7188   14.1551
    0.0000   45.0000   30.0000 9321.6504   14.1302
    7.5000   45.0000   30.0000 8825.9111   14.1338
   -7.5000  -45.0000   37.5000 9806.5850   14.8981
    0.0000  -45.0000   37.500010222.0020   14.8755
    7.5000  -45.0000   37.5000 9749.9268   14.8782
   -7.5000  -37.5000   37.500010340.3975   14.8855
    0.0000  -37.5000   37.500010780.5381   14.8681
    7.5000  -37.5000   37.500010299.3506   14.8648
   -7.5000  -30.0000   37.500011225.1357   14.9343
    0.0000  -30.0000   37.500011725.8770   14.9168
    7.5000  -30.0000   37.500011205.4023   14.9088
   -7.5000  -22.5000   37.500012018.9580   15.0118
    0.0000  -22.5000   37.500012519.5625   14.9886
    7.5000  -22.5000   37.500011997.7256   14.9820
   -7.5000  -15.0000   37.500012642.6758   15.0313
    0.0000  -15.0000   37.500013140.8809   15.0031
    7.5000  -15.0000   37.500012591.7812   15.0020
   -7.5000   -7.5000   37.500013331.3262   14.9665
    0.0000   -7.5000   37.500013851.7285   14.9388
    7.5000   -7.5000   37.500013250.2686   14.9424
   -7.5000    0.0000   37.500014051.4785   14.8981
    0.0000    0.0000   37.500014607.2783   14.8755
    7.5000    0.0000   37.500013934.0459   14.8782
   -7.5000    7.5000   37.500013352.1113   14.8855
    0.0000    7.5000   37.500013846.4961   14.8681
    7.5000    7.5000   37.500013184.5537   14.8648
   -7.5000   15.0000   37.500012439.9883   14.9343
    0.0000   15.0000   37.500012901.8682   14.9168
    7.5000   15.0000   37.500012240.9805   14.9088
   -7.5000   22.5000   37.500011426.4541   15.0049
    0.0000   22.5000   37.500011871.3193   14.9817
    7.5000   22.5000   37.500011232.1035   14.9751
   -7.5000   30.0000   37.500010377.1387   14.8368
    0.0000   30.0000   37.500010774.5059   14.8089
    7.5000   30.0000   37.500010186.8291   14.8079
   -7.5000   37.5000   37.5000 9653.9404   14.7728
    0.0000   37.5000   37.500010025.3398   14.7455
    7.5000   37.5000   37.5000 9489.9326   14.7490
   -7.5000   45.0000   37.5000 8585.5234   14.3600
    0.0000   45.0000   37.5000 8923.3945   14.3382
    7.5000   45.0000   37.5000 8454.7588   14.3408
   -7.5000  -45.0000   45.0000 8979.5977   15.1467
    0.0000  -45.0000   45.0000 9348.7920   15.1292
    7.5000  -45.0000   45.0000 8950.1758   15.1314
   -7.5000  -37.5000   45.0000 9476.7402   15.1288
    0.0000  -37.5000   45.0000 9866.0234   15.1160
    7.5000  -37.5000   45.0000 9450.2119   15.1128
   -7.5000  -30.0000   45.000010268.1279   15.1789
    0.0000  -30.0000   45.000010714.4736   15.1639
    7.5000  -30.0000   45.000010268.2197   15.1540
   -7.5000  -22.5000   45.000011000.3447   15.2640
    0.0000  -22.5000   45.000011446.8320   15.2415
    7.5000  -22.5000   45.000010981.4336   15.2302
   -7.5000  -15.0000   45.000011578.7988   15.2894
    0.0000  -15.0000   45.000012051.0801   15.2623
    7.5000  -15.0000   45.000011530.3486   15.2555
   -7.5000   -7.5000   45.000012181.9619   15.2223
    0.0000   -7.5000   45.000012684.7617   15.1979
    7.5000   -7.5000   45.000012112.8174   15.1980
   -7.5000    0.0000   45.000012803.1562   15.1467
    0.0000    0.0000   45.000013319.8379   15.1292
    7.5000    0.0000   45.000012706.7510   15.1314
   -7.5000    7.5000   45.000012186.1230   15.1288
    0.0000    7.5000   45.000012656.1680   15.1160
    7.5000    7.5000   45.000012055.2627   15.1128
   -7.5000   15.0000   45.000011377.7305   15.1789
    0.0000   15.0000   45.000011810.8564   15.1639
    7.5000   15.0000   45.000011213.3828   15.1540
   -7.5000   22.5000   45.000010447.0781   15.2569
    0.0000   22.5000   45.000010863.7070   15.2344
    7.5000   22.5000   45.000010294.7969   15.2231
   -7.5000   30.0000   45.0000 9475.2168   15.0902
    0.0000   30.0000   45.0000 9869.8799   15.0635
    7.5000   30.0000   45.0000 9342.9404   15.0567
   -7.5000   37.5000   45.0000 8835.9590   15.0240
    0.0000   37.5000   45.0000 9201.5332   14.9999
    7.5000   37.5000   45.0000 8712.1357   15.0000
   -7.5000   45.0000   45.0000 7875.2354   14.6063
    0.0000   45.0000   45.0000 8189.5942   14.5894
    7.5000   45.0000   45.0000 7757.4673   14.5915

---------------------------------------------------------------------
imgreg_4dfp /opt/freesurfer/average/711-2C_as_mni_average_305 /opt/freesurfer/average/711-2B_as_mni_average_305_mask talsrcimg_g11 none talsrcimg_to_711-2C_as_mni_average_305_t4 4355
---------------------------------------------------------------------

freesurfer imgreg_4dfp.c
/opt/freesurfer/average/711-2C_as_mni_average_305.4dfp.img
       256       256       256         1
  1.000000  1.000000  1.000000
orientation T byte_order littleendian
Reading image: /opt/freesurfer/average/711-2C_as_mni_average_305.4dfp.img
dimensions:      256       256       256
mmppix:       1.0000   -1.0000   -1.0000
center:     128.0000 -129.0000 -129.0000
/opt/freesurfer/average/711-2B_as_mni_average_305_mask.4dfp.img
       256       256       256         1
  1.000000  1.000000  1.000000
orientation T byte_order littleendian
Reading mask: /opt/freesurfer/average/711-2B_as_mni_average_305_mask.4dfp.img (2306576 pixels)
talsrcimg_g11.4dfp.img
       256       256       256         1
  1.000000  1.000000  1.000000
orientation T byte_order littleendian
Reading image: talsrcimg_g11.4dfp.img
dimensions:      256       256       256
mmppix:       1.0000   -1.0000   -1.0000
center:     128.0000 -129.0000 -129.0000
rotation matrix determinant  1.000000
image alignment mode   4355 decimal     1103 hex
   -7.5000  -45.0000  -45.0000 2271.6721   14.4710
    0.0000  -45.0000  -45.0000 2277.5205   14.5030
    7.5000  -45.0000  -45.0000 2268.5454   14.5102
   -7.5000  -37.5000  -45.0000 2341.3076   13.6408
    0.0000  -37.5000  -45.0000 2351.0081   13.6501
    7.5000  -37.5000  -45.0000 2337.6560   13.6620
   -7.5000  -30.0000  -45.0000 2377.8262   13.1651
    0.0000  -30.0000  -45.0000 2392.5269   13.1752
    7.5000  -30.0000  -45.0000 2376.7803   13.1806
   -7.5000  -22.5000  -45.0000 2397.7649   12.9765
    0.0000  -22.5000  -45.0000 2414.7568   12.9434
    7.5000  -22.5000  -45.0000 2392.9087   12.9719
   -7.5000  -15.0000  -45.0000 2404.6448   12.8881
    0.0000  -15.0000  -45.0000 2419.4065   12.8597
    7.5000  -15.0000  -45.0000 2396.5786   12.8735
   -7.5000   -7.5000  -45.0000 2401.8760   13.0553
    0.0000   -7.5000  -45.0000 2414.7356   13.0021
    7.5000   -7.5000  -45.0000 2392.8813   13.0463
   -7.5000    0.0000  -45.0000 2384.0867   13.3780
    0.0000    0.0000  -45.0000 2397.2024   13.3369
    7.5000    0.0000  -45.0000 2376.2886   13.4090
   -7.5000    7.5000  -45.0000 2346.3096   14.0186
    0.0000    7.5000  -45.0000 2359.6953   13.9813
    7.5000    7.5000  -45.0000 2338.1304   14.0574
   -7.5000   15.0000  -45.0000 2287.7229   14.8613
    0.0000   15.0000  -45.0000 2298.9407   14.8568
    7.5000   15.0000  -45.0000 2281.0605   14.8955
   -7.5000   22.5000  -45.0000 2209.4429   16.0395
    0.0000   22.5000  -45.0000 2220.3303   16.0213
    7.5000   22.5000  -45.0000 2200.7993   16.0778
   -7.5000   30.0000  -45.0000 2114.3220   17.5757
    0.0000   30.0000  -45.0000 2123.7834   17.5366
    7.5000   30.0000  -45.0000 2101.9519   17.6530
   -7.5000   37.5000  -45.0000 2001.9761   19.6592
    0.0000   37.5000  -45.0000 2012.5243   19.5670
    7.5000   37.5000  -45.0000 1990.8347   19.7157
   -7.5000   45.0000  -45.0000 1874.8948   22.4428
    0.0000   45.0000  -45.0000 1886.2461   22.3100
    7.5000   45.0000  -45.0000 1868.0084   22.4664
   -7.5000  -45.0000  -37.5000 2353.8250   13.4839
    0.0000  -45.0000  -37.5000 2365.4844   13.5022
    7.5000  -45.0000  -37.5000 2352.4263   13.4985
   -7.5000  -37.5000  -37.5000 2436.1780   12.6465
    0.0000  -37.5000  -37.5000 2449.8921   12.6221
    7.5000  -37.5000  -37.5000 2432.2056   12.6247
   -7.5000  -30.0000  -37.5000 2478.1057   12.2070
    0.0000  -30.0000  -37.5000 2490.1777   12.1780
    7.5000  -30.0000  -37.5000 2473.2593   12.1924
   -7.5000  -22.5000  -37.5000 2500.9253   12.0166
    0.0000  -22.5000  -37.5000 2511.7114   11.9681
    7.5000  -22.5000  -37.5000 2493.6948   12.0200
   -7.5000  -15.0000  -37.5000 2508.6577   11.9355
    0.0000  -15.0000  -37.5000 2519.0781   11.8579
    7.5000  -15.0000  -37.5000 2497.0242   11.9330
   -7.5000   -7.5000  -37.5000 2506.9434   12.0610
    0.0000   -7.5000  -37.5000 2517.1479   11.9749
    7.5000   -7.5000  -37.5000 2499.9312   12.0822
   -7.5000    0.0000  -37.5000 2485.6709   12.3457
    0.0000    0.0000  -37.5000 2498.5955   12.2896
    7.5000    0.0000  -37.5000 2481.1108   12.3890
   -7.5000    7.5000  -37.5000 2447.1372   12.9027
    0.0000    7.5000  -37.5000 2463.4080   12.8804
    7.5000    7.5000  -37.5000 2439.7878   12.9696
   -7.5000   15.0000  -37.5000 2384.7063   13.6579
    0.0000   15.0000  -37.5000 2404.4668   13.6649
    7.5000   15.0000  -37.5000 2380.9873   13.7475
   -7.5000   22.5000  -37.5000 2304.0879   14.7088
    0.0000   22.5000  -37.5000 2320.1621   14.6990
    7.5000   22.5000  -37.5000 2297.5806   14.7921
   -7.5000   30.0000  -37.5000 2199.9504   16.1263
    0.0000   30.0000  -37.5000 2215.8408   16.0986
    7.5000   30.0000  -37.5000 2191.3647   16.2223
   -7.5000   37.5000  -37.5000 2081.8911   18.0561
    0.0000   37.5000  -37.5000 2093.5503   17.9718
    7.5000   37.5000  -37.5000 2069.7375   18.0987
   -7.5000   45.0000  -37.5000 1949.2993   20.5479
    0.0000   45.0000  -37.5000 1966.1497   20.4820
    7.5000   45.0000  -37.5000 1944.2462   20.5998
   -7.5000  -45.0000  -30.0000 2474.8098   13.0536
    0.0000  -45.0000  -30.0000 2488.8320   13.0097
    7.5000  -45.0000  -30.0000 2468.7520   13.0652
   -7.5000  -37.5000  -30.0000 2561.3809   12.1701
    0.0000  -37.5000  -30.0000 2576.5496   12.1245
    7.5000  -37.5000  -30.0000 2561.2295   12.1727
   -7.5000  -30.0000  -30.0000 2611.7844   11.7225
    0.0000  -30.0000  -30.0000 2623.7671   11.6493
    7.5000  -30.0000  -30.0000 2608.9116   11.6974
   -7.5000  -22.5000  -30.0000 2648.8987   11.4968
    0.0000  -22.5000  -30.0000 2654.9802   11.4146
    7.5000  -22.5000  -30.0000 2642.9976   11.4735
   -7.5000  -15.0000  -30.0000 2660.7815   11.3995
    0.0000  -15.0000  -30.0000 2667.6619   11.3228
    7.5000  -15.0000  -30.0000 2651.0667   11.4054
   -7.5000   -7.5000  -30.0000 2659.9302   11.4990
    0.0000   -7.5000  -30.0000 2668.4929   11.4234
    7.5000   -7.5000  -30.0000 2648.2788   11.5365
   -7.5000    0.0000  -30.0000 2632.1550   11.7813
    0.0000    0.0000  -30.0000 2648.7407   11.7255
    7.5000    0.0000  -30.0000 2630.8618   11.8483
   -7.5000    7.5000  -30.0000 2593.6458   12.3104
    0.0000    7.5000  -30.0000 2610.1689   12.2446
    7.5000    7.5000  -30.0000 2588.6470   12.3890
   -7.5000   15.0000  -30.0000 2527.3691   13.0406
    0.0000   15.0000  -30.0000 2544.8469   13.0012
    7.5000   15.0000  -30.0000 2523.6099   13.1322
   -7.5000   22.5000  -30.0000 2439.9985   14.0259
    0.0000   22.5000  -30.0000 2460.7507   13.9768
    7.5000   22.5000  -30.0000 2435.8333   14.1242
   -7.5000   30.0000  -30.0000 2331.3628   15.3768
    0.0000   30.0000  -30.0000 2349.2246   15.3108
    7.5000   30.0000  -30.0000 2324.3828   15.4446
   -7.5000   37.5000  -30.0000 2199.5581   17.1843
    0.0000   37.5000  -30.0000 2216.3970   17.0890
    7.5000   37.5000  -30.0000 2191.6042   17.1951
   -7.5000   45.0000  -30.0000 2054.2170   19.5336
    0.0000   45.0000  -30.0000 2073.4285   19.4901
    7.5000   45.0000  -30.0000 2050.3591   19.5606
   -7.5000  -45.0000  -22.5000 2552.6274   12.6119
    0.0000  -45.0000  -22.5000 2567.8625   12.5072
    7.5000  -45.0000  -22.5000 2557.0754   12.5933
   -7.5000  -37.5000  -22.5000 2648.0303   11.6836
    0.0000  -37.5000  -22.5000 2664.5823   11.5770
    7.5000  -37.5000  -22.5000 2653.8123   11.6764
   -7.5000  -30.0000  -22.5000 2715.2100   11.1720
    0.0000  -30.0000  -22.5000 2730.0012   11.0888
    7.5000  -30.0000  -22.5000 2717.6594   11.1452
   -7.5000  -22.5000  -22.5000 2754.0994   10.9088
    0.0000  -22.5000  -22.5000 2767.3643   10.8167
    7.5000  -22.5000  -22.5000 2757.6597   10.8617
   -7.5000  -15.0000  -22.5000 2776.4734   10.7688
    0.0000  -15.0000  -22.5000 2786.8967   10.6748
    7.5000  -15.0000  -22.5000 2768.8557   10.7682
   -7.5000   -7.5000  -22.5000 2779.4888   10.8362
    0.0000   -7.5000  -22.5000 2788.4365   10.7457
    7.5000   -7.5000  -22.5000 2767.9634   10.8818
   -7.5000    0.0000  -22.5000 2758.1392   11.1461
    0.0000    0.0000  -22.5000 2769.8096   11.0548
    7.5000    0.0000  -22.5000 2752.8506   11.2026
   -7.5000    7.5000  -22.5000 2716.0940   11.6803
    0.0000    7.5000  -22.5000 2730.0410   11.5628
    7.5000    7.5000  -22.5000 2713.6714   11.7396
   -7.5000   15.0000  -22.5000 2645.3015   12.3884
    0.0000   15.0000  -22.5000 2657.3967   12.2817
    7.5000   15.0000  -22.5000 2643.4341   12.4532
   -7.5000   22.5000  -22.5000 2548.8708   13.3285
    0.0000   22.5000  -22.5000 2560.8882   13.2420
    7.5000   22.5000  -22.5000 2544.0176   13.3824
   -7.5000   30.0000  -22.5000 2430.5701   14.6244
    0.0000   30.0000  -22.5000 2445.7588   14.5044
    7.5000   30.0000  -22.5000 2427.9863   14.6547
   -7.5000   37.5000  -22.5000 2292.8362   16.3272
    0.0000   37.5000  -22.5000 2312.8167   16.2117
    7.5000   37.5000  -22.5000 2287.4299   16.3408
   -7.5000   45.0000  -22.5000 2142.2595   18.5378
    0.0000   45.0000  -22.5000 2157.1665   18.4753
    7.5000   45.0000  -22.5000 2132.1875   18.5856
   -7.5000  -45.0000  -15.0000 2591.0474   12.2123
    0.0000  -45.0000  -15.0000 2606.5288   12.0594
    7.5000  -45.0000  -15.0000 2601.4485   12.1719
   -7.5000  -37.5000  -15.0000 2692.9087   11.2868
    0.0000  -37.5000  -15.0000 2707.9941   11.1308
    7.5000  -37.5000  -15.0000 2701.7976   11.2494
   -7.5000  -30.0000  -15.0000 2773.1982   10.7145
    0.0000  -30.0000  -15.0000 2788.5698   10.5708
    7.5000  -30.0000  -15.0000 2778.6362   10.6635
   -7.5000  -22.5000  -15.0000 2825.3113   10.3791
    0.0000  -22.5000  -15.0000 2835.2668   10.2493
    7.5000  -22.5000  -15.0000 2827.8113   10.3300
   -7.5000  -15.0000  -15.0000 2855.6106   10.1827
    0.0000  -15.0000  -15.0000 2861.7832   10.0442
    7.5000  -15.0000  -15.0000 2845.0725   10.1503
   -7.5000   -7.5000  -15.0000 2868.3948   10.2313
    0.0000   -7.5000  -15.0000 2874.7495   10.0889
    7.5000   -7.5000  -15.0000 2855.9031   10.2355
   -7.5000    0.0000  -15.0000 2854.2712   10.5786
    0.0000    0.0000  -15.0000 2861.7134   10.4240
    7.5000    0.0000  -15.0000 2847.3684   10.5990
   -7.5000    7.5000  -15.0000 2803.4609   11.1039
    0.0000    7.5000  -15.0000 2817.3242   10.9653
    7.5000    7.5000  -15.0000 2804.7910   11.1196
   -7.5000   15.0000  -15.0000 2725.2271   11.8085
    0.0000   15.0000  -15.0000 2736.9282   11.6801
    7.5000   15.0000  -15.0000 2725.8860   11.8592
   -7.5000   22.5000  -15.0000 2626.1196   12.7184
    0.0000   22.5000  -15.0000 2634.6384   12.5855
    7.5000   22.5000  -15.0000 2624.9629   12.7836
   -7.5000   30.0000  -15.0000 2503.5806   13.9846
    0.0000   30.0000  -15.0000 2516.0356   13.8282
    7.5000   30.0000  -15.0000 2499.9836   14.0242
   -7.5000   37.5000  -15.0000 2363.0354   15.6185
    0.0000   37.5000  -15.0000 2377.8926   15.4972
    7.5000   37.5000  -15.0000 2355.7134   15.6802
   -7.5000   45.0000  -15.0000 2202.5496   17.7637
    0.0000   45.0000  -15.0000 2214.5894   17.6558
    7.5000   45.0000  -15.0000 2192.8528   17.8177
   -7.5000  -45.0000   -7.5000 2609.9500   11.9265
    0.0000  -45.0000   -7.5000 2619.3403   11.7343
    7.5000  -45.0000   -7.5000 2618.6311   11.8844
   -7.5000  -37.5000   -7.5000 2712.4326   10.9850
    0.0000  -37.5000   -7.5000 2721.7698   10.8116
    7.5000  -37.5000   -7.5000 2722.5801   10.9419
   -7.5000  -30.0000   -7.5000 2807.6370   10.3767
    0.0000  -30.0000   -7.5000 2817.2354   10.2146
    7.5000  -30.0000   -7.5000 2815.6001   10.3140
   -7.5000  -22.5000   -7.5000 2871.9873    9.9930
    0.0000  -22.5000   -7.5000 2874.7773    9.8383
    7.5000  -22.5000   -7.5000 2872.1846    9.9319
   -7.5000  -15.0000   -7.5000 2911.5535    9.7131
    0.0000  -15.0000   -7.5000 2914.3413    9.5503
    7.5000  -15.0000   -7.5000 2903.9536    9.6688
   -7.5000   -7.5000   -7.5000 2931.9214    9.7397
    0.0000   -7.5000   -7.5000 2934.4102    9.5519
    7.5000   -7.5000   -7.5000 2918.4321    9.7281
   -7.5000    0.0000   -7.5000 2925.3115   10.1314
    0.0000    0.0000   -7.5000 2924.5850    9.9365
    7.5000    0.0000   -7.5000 2911.6692   10.1298
   -7.5000    7.5000   -7.5000 2877.0291   10.6691
    0.0000    7.5000   -7.5000 2880.5876   10.5034
    7.5000    7.5000   -7.5000 2870.3975   10.6862
   -7.5000   15.0000   -7.5000 2794.3340   11.3587
    0.0000   15.0000   -7.5000 2796.7471   11.1985
    7.5000   15.0000   -7.5000 2787.0454   11.4098
   -7.5000   22.5000   -7.5000 2685.7522   12.2727
    0.0000   22.5000   -7.5000 2689.8186   12.0952
    7.5000   22.5000   -7.5000 2679.1931   12.3392
   -7.5000   30.0000   -7.5000 2557.6750   13.5443
    0.0000   30.0000   -7.5000 2563.0933   13.3481
    7.5000   30.0000   -7.5000 2545.4150   13.5765
   -7.5000   37.5000   -7.5000 2408.9871   15.1546
    0.0000   37.5000   -7.5000 2422.0449   14.9696
    7.5000   37.5000   -7.5000 2397.7715   15.1806
   -7.5000   45.0000   -7.5000 2241.7720   17.1482
    0.0000   45.0000   -7.5000 2253.1733   17.0261
    7.5000   45.0000   -7.5000 2232.7454   17.2124
   -7.5000  -45.0000    0.0000 2607.0510   11.7455
    0.0000  -45.0000    0.0000 2622.6199   11.6142
    7.5000  -45.0000    0.0000 2612.6665   11.7183
   -7.5000  -37.5000    0.0000 2714.9570   10.8017
    0.0000  -37.5000    0.0000 2725.9543   10.6694
    7.5000  -37.5000    0.0000 2722.1252   10.7638
   -7.5000  -30.0000    0.0000 2822.3889   10.1843
    0.0000  -30.0000    0.0000 2831.2297   10.0484
    7.5000  -30.0000    0.0000 2828.1614   10.1282
   -7.5000  -22.5000    0.0000 2896.9275    9.7974
    0.0000  -22.5000    0.0000 2901.7073    9.6638
    7.5000  -22.5000    0.0000 2895.8376    9.7250
   -7.5000  -15.0000    0.0000 2947.4270    9.4828
    0.0000  -15.0000    0.0000 2956.1118    9.3627
    7.5000  -15.0000    0.0000 2942.4014    9.4287
   -7.5000   -7.5000    0.0000 2984.8586    9.4818
    0.0000   -7.5000    0.0000 2989.6777    9.3352
    7.5000   -7.5000    0.0000 2964.5120    9.4980
   -7.5000    0.0000    0.0000 2973.6526    9.8456
    0.0000    0.0000    0.0000 2981.6467    9.7100
    7.5000    0.0000    0.0000 2946.8767    9.8723
   -7.5000    7.5000    0.0000 2918.8638   10.3684
    0.0000    7.5000    0.0000 2927.9402   10.2849
    7.5000    7.5000    0.0000 2897.8147   10.3986
   -7.5000   15.0000    0.0000 2833.3264   11.0535
    0.0000   15.0000    0.0000 2840.5454   10.9673
    7.5000   15.0000    0.0000 2817.1414   11.1008
   -7.5000   22.5000    0.0000 2716.4399   11.9932
    0.0000   22.5000    0.0000 2726.5200   11.9001
    7.5000   22.5000    0.0000 2706.8855   12.0255
   -7.5000   30.0000    0.0000 2584.6096   13.2547
    0.0000   30.0000    0.0000 2596.9688   13.1523
    7.5000   30.0000    0.0000 2569.3889   13.2579
   -7.5000   37.5000    0.0000 2435.6003   14.8199
    0.0000   37.5000    0.0000 2450.6287   14.7480
    7.5000   37.5000    0.0000 2421.8059   14.8242
   -7.5000   45.0000    0.0000 2267.8428   16.7882
    0.0000   45.0000    0.0000 2278.5627   16.7585
    7.5000   45.0000    0.0000 2254.4675   16.8282
   -7.5000  -45.0000    7.5000 2591.8455   11.7120
    0.0000  -45.0000    7.5000 2601.3340   11.5793
    7.5000  -45.0000    7.5000 2599.7842   11.7301
   -7.5000  -37.5000    7.5000 2704.7734   10.7343
    0.0000  -37.5000    7.5000 2712.0627   10.6109
    7.5000  -37.5000    7.5000 2710.6650   10.7518
   -7.5000  -30.0000    7.5000 2815.4304   10.0991
    0.0000  -30.0000    7.5000 2824.9836   10.0194
    7.5000  -30.0000    7.5000 2822.7964   10.1007
   -7.5000  -22.5000    7.5000 2900.0063    9.7064
    0.0000  -22.5000    7.5000 2920.4434    9.7001
    7.5000  -22.5000    7.5000 2901.6941    9.7014
   -7.5000  -15.0000    7.5000 2965.4871    9.4560
    0.0000  -15.0000    7.5000 2996.6150    9.4802
    7.5000  -15.0000    7.5000 2958.3174    9.4714
   -7.5000   -7.5000    7.5000 3011.4824    9.4184
    0.0000   -7.5000    7.5000 3041.5186    9.4353
    7.5000   -7.5000    7.5000 2985.5142    9.4533
   -7.5000    0.0000    7.5000 2995.4238    9.6699
    0.0000    0.0000    7.5000 3021.7686    9.6439
    7.5000    0.0000    7.5000 2964.7844    9.7356
   -7.5000    7.5000    7.5000 2940.8330   10.1700
    0.0000    7.5000    7.5000 2954.9614   10.1265
    7.5000    7.5000    7.5000 2910.5471   10.2320
   -7.5000   15.0000    7.5000 2843.0327   10.9101
    0.0000   15.0000    7.5000 2854.5347   10.8447
    7.5000   15.0000    7.5000 2827.1243   10.9549
   -7.5000   22.5000    7.5000 2726.5901   11.8779
    0.0000   22.5000    7.5000 2737.1548   11.7877
    7.5000   22.5000    7.5000 2718.8098   11.8814
   -7.5000   30.0000    7.5000 2596.1160   13.1255
    0.0000   30.0000    7.5000 2606.4570   13.0331
    7.5000   30.0000    7.5000 2587.0376   13.1378
   -7.5000   37.5000    7.5000 2440.9680   14.7120
    0.0000   37.5000    7.5000 2454.6833   14.6140
    7.5000   37.5000    7.5000 2429.3933   14.7199
   -7.5000   45.0000    7.5000 2271.7581   16.6692
    0.0000   45.0000    7.5000 2283.0312   16.6332
    7.5000   45.0000    7.5000 2257.3726   16.7401
   -7.5000  -45.0000   15.0000 2564.4148   11.8297
    0.0000  -45.0000   15.0000 2571.1870   11.7414
    7.5000  -45.0000   15.0000 2570.1550   11.9259
   -7.5000  -37.5000   15.0000 2677.4976   10.8541
    0.0000  -37.5000   15.0000 2686.8816   10.8095
    7.5000  -37.5000   15.0000 2682.4941   10.9529
   -7.5000  -30.0000   15.0000 2794.3376   10.2047
    0.0000  -30.0000   15.0000 2808.4370   10.2188
    7.5000  -30.0000   15.0000 2793.0671   10.3118
   -7.5000  -22.5000   15.0000 2894.9297    9.8094
    0.0000  -22.5000   15.0000 2918.3354    9.8819
    7.5000  -22.5000   15.0000 2887.2280    9.8848
   -7.5000  -15.0000   15.0000 2966.1631    9.5535
    0.0000  -15.0000   15.0000 2996.1892    9.5940
    7.5000  -15.0000   15.0000 2947.3801    9.6233
   -7.5000   -7.5000   15.0000 3013.1877    9.4783
    0.0000   -7.5000   15.0000 3037.3064    9.4457
    7.5000   -7.5000   15.0000 2983.1455    9.6036
   -7.5000    0.0000   15.0000 2994.0088    9.7418
    0.0000    0.0000   15.0000 3013.9644    9.6795
    7.5000    0.0000   15.0000 2960.8035    9.8489
   -7.5000    7.5000   15.0000 2934.0046   10.2485
    0.0000    7.5000   15.0000 2945.6108   10.2146
    7.5000    7.5000   15.0000 2899.4473   10.3458
   -7.5000   15.0000   15.0000 2831.7903   10.9954
    0.0000   15.0000   15.0000 2838.6619   10.9454
    7.5000   15.0000   15.0000 2811.5779   11.0582
   -7.5000   22.5000   15.0000 2712.3667   11.9553
    0.0000   22.5000   15.0000 2719.7512   11.8617
    7.5000   22.5000   15.0000 2700.8960   11.9766
   -7.5000   30.0000   15.0000 2581.9629   13.1866
    0.0000   30.0000   15.0000 2593.1711   13.0828
    7.5000   30.0000   15.0000 2574.2188   13.1794
   -7.5000   37.5000   15.0000 2431.4265   14.7345
    0.0000   37.5000   15.0000 2440.7380   14.6459
    7.5000   37.5000   15.0000 2420.2275   14.7366
   -7.5000   45.0000   15.0000 2257.6233   16.6783
    0.0000   45.0000   15.0000 2272.7869   16.6494
    7.5000   45.0000   15.0000 2245.8887   16.7259
   -7.5000  -45.0000   22.5000 2538.2734   12.1356
    0.0000  -45.0000   22.5000 2551.0022   12.1218
    7.5000  -45.0000   22.5000 2533.2673   12.3023
   -7.5000  -37.5000   22.5000 2656.9468   11.1870
    0.0000  -37.5000   22.5000 2670.4189   11.1755
    7.5000  -37.5000   22.5000 2655.9458   11.3434
   -7.5000  -30.0000   22.5000 2765.1948   10.4858
    0.0000  -30.0000   22.5000 2781.2976   10.4857
    7.5000  -30.0000   22.5000 2764.1216   10.6420
   -7.5000  -22.5000   22.5000 2864.3511   10.0483
    0.0000  -22.5000   22.5000 2885.4146   10.0672
    7.5000  -22.5000   22.5000 2860.2830   10.1702
   -7.5000  -15.0000   22.5000 2926.6577    9.7520
    0.0000  -15.0000   22.5000 2953.2253    9.7209
    7.5000  -15.0000   22.5000 2919.1973    9.9021
   -7.5000   -7.5000   22.5000 2985.1626    9.6948
    0.0000   -7.5000   22.5000 2997.5227    9.6199
    7.5000   -7.5000   22.5000 2960.9138    9.8715
   -7.5000    0.0000   22.5000 2963.0085   10.0087
    0.0000    0.0000   22.5000 2975.5845    9.9354
    7.5000    0.0000   22.5000 2932.0752   10.1538
   -7.5000    7.5000   22.5000 2902.5198   10.5520
    0.0000    7.5000   22.5000 2911.3345   10.4913
    7.5000    7.5000   22.5000 2870.0637   10.6455
   -7.5000   15.0000   22.5000 2803.0525   11.3013
    0.0000   15.0000   22.5000 2807.2012   11.2247
    7.5000   15.0000   22.5000 2778.7188   11.3626
   -7.5000   22.5000   22.5000 2679.7773   12.2626
    0.0000   22.5000   22.5000 2684.3618   12.1610
    7.5000   22.5000   22.5000 2667.6665   12.3160
   -7.5000   30.0000   22.5000 2552.2607   13.4468
    0.0000   30.0000   22.5000 2559.2036   13.3421
    7.5000   30.0000   22.5000 2539.2896   13.4799
   -7.5000   37.5000   22.5000 2399.2952   14.9619
    0.0000   37.5000   22.5000 2408.4270   14.8665
    7.5000   37.5000   22.5000 2388.7065   14.9815
   -7.5000   45.0000   22.5000 2225.9414   16.8887
    0.0000   45.0000   22.5000 2242.6248   16.8260
    7.5000   45.0000   22.5000 2219.6187   16.9204
   -7.5000  -45.0000   30.0000 2505.8401   12.6213
    0.0000  -45.0000   30.0000 2520.4663   12.5912
    7.5000  -45.0000   30.0000 2503.5356   12.8681
   -7.5000  -37.5000   30.0000 2621.4878   11.6244
    0.0000  -37.5000   30.0000 2634.4807   11.5802
    7.5000  -37.5000   30.0000 2620.8149   11.8573
   -7.5000  -30.0000   30.0000 2721.5405   10.8837
    0.0000  -30.0000   30.0000 2732.8350   10.8572
    7.5000  -30.0000   30.0000 2722.8301   11.1036
   -7.5000  -22.5000   30.0000 2812.1926   10.4316
    0.0000  -22.5000   30.0000 2829.6243   10.4078
    7.5000  -22.5000   30.0000 2812.6035   10.6243
   -7.5000  -15.0000   30.0000 2875.6321   10.1046
    0.0000  -15.0000   30.0000 2890.3843   10.0276
    7.5000  -15.0000   30.0000 2863.8643   10.3168
   -7.5000   -7.5000   30.0000 2920.5796   10.1078
    0.0000   -7.5000   30.0000 2927.5232   10.0129
    7.5000   -7.5000   30.0000 2903.0781   10.2798
   -7.5000    0.0000   30.0000 2895.1409   10.4459
    0.0000    0.0000   30.0000 2907.9512   10.3696
    7.5000    0.0000   30.0000 2875.6121   10.5997
   -7.5000    7.5000   30.0000 2835.0073   10.9910
    0.0000    7.5000   30.0000 2847.2129   10.9338
    7.5000    7.5000   30.0000 2811.3311   11.1224
   -7.5000   15.0000   30.0000 2748.5891   11.7268
    0.0000   15.0000   30.0000 2752.7998   11.6546
    7.5000   15.0000   30.0000 2725.1650   11.8090
   -7.5000   22.5000   30.0000 2632.8613   12.6795
    0.0000   22.5000   30.0000 2637.9548   12.5927
    7.5000   22.5000   30.0000 2615.7239   12.7555
   -7.5000   30.0000   30.0000 2501.6792   13.8874
    0.0000   30.0000   30.0000 2508.5603   13.8086
    7.5000   30.0000   30.0000 2487.1575   13.9594
   -7.5000   37.5000   30.0000 2346.9194   15.4144
    0.0000   37.5000   30.0000 2356.7986   15.3022
    7.5000   37.5000   30.0000 2343.0984   15.4438
   -7.5000   45.0000   30.0000 2181.7043   17.3027
    0.0000   45.0000   30.0000 2194.4250   17.2165
    7.5000   45.0000   30.0000 2177.5042   17.3427
   -7.5000  -45.0000   37.5000 2459.7703   13.2121
    0.0000  -45.0000   37.5000 2472.3130   13.1498
    7.5000  -45.0000   37.5000 2458.0425   13.5365
   -7.5000  -37.5000   37.5000 2574.5298   12.1790
    0.0000  -37.5000   37.5000 2585.8174   12.1042
    7.5000  -37.5000   37.5000 2572.9875   12.4718
   -7.5000  -30.0000   37.5000 2670.5400   11.4421
    0.0000  -30.0000   37.5000 2680.0679   11.3755
    7.5000  -30.0000   37.5000 2670.4895   11.6967
   -7.5000  -22.5000   37.5000 2753.8076   10.9685
    0.0000  -22.5000   37.5000 2764.4060   10.8832
    7.5000  -22.5000   37.5000 2747.7029   11.2046
   -7.5000  -15.0000   37.5000 2807.2466   10.6320
    0.0000  -15.0000   37.5000 2815.0417   10.5455
    7.5000  -15.0000   37.5000 2789.4849   10.8562
   -7.5000   -7.5000   37.5000 2830.7727   10.6446
    0.0000   -7.5000   37.5000 2834.3181   10.5575
    7.5000   -7.5000   37.5000 2817.6113   10.8376
   -7.5000    0.0000   37.5000 2807.5464   10.9842
    0.0000    0.0000   37.5000 2817.7510   10.9081
    7.5000    0.0000   37.5000 2798.1917   11.1587
   -7.5000    7.5000   37.5000 2753.3997   11.5544
    0.0000    7.5000   37.5000 2759.8064   11.4763
    7.5000    7.5000   37.5000 2738.5884   11.6832
   -7.5000   15.0000   37.5000 2672.7766   12.2819
    0.0000   15.0000   37.5000 2677.3367   12.2169
    7.5000   15.0000   37.5000 2651.2769   12.3849
   -7.5000   22.5000   37.5000 2564.8274   13.2271
    0.0000   22.5000   37.5000 2573.0103   13.1591
    7.5000   22.5000   37.5000 2548.6489   13.3330
   -7.5000   30.0000   37.5000 2439.1802   14.4565
    0.0000   30.0000   37.5000 2446.0256   14.3903
    7.5000   30.0000   37.5000 2427.8669   14.5463
   -7.5000   37.5000   37.5000 2290.0747   16.0129
    0.0000   37.5000   37.5000 2298.7510   15.9390
    7.5000   37.5000   37.5000 2280.3162   16.0871
   -7.5000   45.0000   37.5000 2127.1697   17.9285
    0.0000   45.0000   37.5000 2141.7893   17.9120
    7.5000   45.0000   37.5000 2119.2993   18.0338
   -7.5000  -45.0000   45.0000 2405.9463   13.9310
    0.0000  -45.0000   45.0000 2415.7922   13.8271
    7.5000  -45.0000   45.0000 2401.6826   14.3102
   -7.5000  -37.5000   45.0000 2521.8596   12.8810
    0.0000  -37.5000   45.0000 2529.2058   12.7796
    7.5000  -37.5000   45.0000 2513.6125   13.2357
   -7.5000  -30.0000   45.0000 2606.3159   12.1609
    0.0000  -30.0000   45.0000 2619.0295   12.0868
    7.5000  -30.0000   45.0000 2604.2458   12.4585
   -7.5000  -22.5000   45.0000 2680.2898   11.6633
    0.0000  -22.5000   45.0000 2692.7966   11.5630
    7.5000  -22.5000   45.0000 2670.1797   11.9254
   -7.5000  -15.0000   45.0000 2726.4033   11.3331
    0.0000  -15.0000   45.0000 2735.2827   11.2704
    7.5000  -15.0000   45.0000 2709.2854   11.5572
   -7.5000   -7.5000   45.0000 2739.2358   11.3489
    0.0000   -7.5000   45.0000 2747.5149   11.2768
    7.5000   -7.5000   45.0000 2724.6094   11.5458
   -7.5000    0.0000   45.0000 2714.0142   11.6773
    0.0000    0.0000   45.0000 2721.1138   11.5992
    7.5000    0.0000   45.0000 2700.8728   11.8526
   -7.5000    7.5000   45.0000 2666.4944   12.2471
    0.0000    7.5000   45.0000 2673.3604   12.1765
    7.5000    7.5000   45.0000 2651.5317   12.4023
   -7.5000   15.0000   45.0000 2589.5996   12.9707
    0.0000   15.0000   45.0000 2597.5100   12.8922
    7.5000   15.0000   45.0000 2568.9814   13.1141
   -7.5000   22.5000   45.0000 2489.6160   13.9154
    0.0000   22.5000   45.0000 2498.8691   13.8525
    7.5000   22.5000   45.0000 2471.3843   14.0253
   -7.5000   30.0000   45.0000 2367.3992   15.1486
    0.0000   30.0000   45.0000 2375.2913   15.1001
    7.5000   30.0000   45.0000 2353.9053   15.2534
   -7.5000   37.5000   45.0000 2222.6179   16.7526
    0.0000   37.5000   45.0000 2233.0488   16.6797
    7.5000   37.5000   45.0000 2211.9197   16.8552
   -7.5000   45.0000   45.0000 2070.1184   18.8202
    0.0000   45.0000   45.0000 2081.8286   18.7869
    7.5000   45.0000   45.0000 2062.8877   18.9061

---------------------------------------------------------------------
imgreg_4dfp /opt/freesurfer/average/711-2C_as_mni_average_305 /opt/freesurfer/average/711-2B_as_mni_average_305_mask talsrcimg_g11 none talsrcimg_to_711-2C_as_mni_average_305_t4 1283
---------------------------------------------------------------------

freesurfer imgreg_4dfp.c
/opt/freesurfer/average/711-2C_as_mni_average_305.4dfp.img
       256       256       256         1
  1.000000  1.000000  1.000000
orientation T byte_order littleendian
Reading image: /opt/freesurfer/average/711-2C_as_mni_average_305.4dfp.img
dimensions:      256       256       256
mmppix:       1.0000   -1.0000   -1.0000
center:     128.0000 -129.0000 -129.0000
/opt/freesurfer/average/711-2B_as_mni_average_305_mask.4dfp.img
       256       256       256         1
  1.000000  1.000000  1.000000
orientation T byte_order littleendian
Reading mask: /opt/freesurfer/average/711-2B_as_mni_average_305_mask.4dfp.img (2306576 pixels)
talsrcimg_g11.4dfp.img
       256       256       256         1
  1.000000  1.000000  1.000000
orientation T byte_order littleendian
Reading image: talsrcimg_g11.4dfp.img
dimensions:      256       256       256
mmppix:       1.0000   -1.0000   -1.0000
center:     128.0000 -129.0000 -129.0000
rotation matrix determinant  1.000000
fimgreg.f
image alignment mode   1283 decimal      503 hex
parameters
    0.0000   -7.5000    7.5000    0.0000    0.0000    0.0000
eta,q 0.95419  9.49187
niter,ni,del,rscale     5    3   12.0000    1.2000
parameter  4  1.752319 ->  0.500000 qaram    1.1500
parameters
   -1.5785   -6.9808    9.9466   -3.4500    1.8852    1.9661
eta,q 0.96044  9.36779
  0.0517  0.0524  0.0571  0.0402  0.0492  0.0444
  0.0469  0.0479  0.0520  0.0405  0.0462  0.0435
  0.0449  0.0451  0.0476  0.0415  0.0431  0.0422
  0.0462  0.0446  0.0449  0.0438  0.0407  0.0407
  0.0505  0.0450  0.0437  0.0456  0.0408  0.0396
  0.0547  0.0464  0.0444  0.0471  0.0418  0.0401
  0.0609  0.0498  0.0463  0.0497  0.0431  0.0422
niter,ni,del,rscale     5    3   12.0000    1.2000
parameters
   -1.9096   -6.9045    9.3992   -5.2251    2.5635    1.3347
eta,q 0.96087  9.39826
  0.0525  0.0481  0.0458  0.0422  0.0453  0.0422
  0.0465  0.0434  0.0418  0.0398  0.0419  0.0408
  0.0415  0.0406  0.0400  0.0388  0.0397  0.0398
  0.0396  0.0396  0.0396  0.0395  0.0389  0.0389
  0.0428  0.0413  0.0409  0.0414  0.0394  0.0394
  0.0492  0.0439  0.0438  0.0439  0.0405  0.0415
  0.0549  0.0469  0.0483  0.0459  0.0427  0.0448
niter,ni,del,rscale     4    3   12.0000    1.2000
parameters
   -2.0564   -6.2311    9.0591   -7.1512    3.2774    0.7685
eta,q 0.96185  9.39283
  0.0523  0.0486  0.0463  0.0410  0.0438  0.0421
  0.0460  0.0434  0.0412  0.0397  0.0407  0.0401
  0.0410  0.0405  0.0389  0.0382  0.0392  0.0387
  0.0391  0.0391  0.0389  0.0387  0.0382  0.0381
  0.0415  0.0397  0.0404  0.0407  0.0383  0.0388
  0.0470  0.0425  0.0432  0.0431  0.0395  0.0410
  0.0536  0.0444  0.0473  0.0451  0.0416  0.0444
niter,ni,del,rscale     3    3   12.0000    1.2000
parameters
   -2.3879   -4.8310    8.8006  -10.3632    3.7992    0.0551
eta,q 0.96282  9.41254
  0.0504  0.0483  0.0459  0.0386  0.0446  0.0405
  0.0445  0.0446  0.0412  0.0378  0.0412  0.0383
  0.0401  0.0406  0.0384  0.0371  0.0387  0.0372
  0.0382  0.0382  0.0382  0.0381  0.0373  0.0372
  0.0407  0.0387  0.0398  0.0401  0.0377  0.0378
  0.0465  0.0408  0.0426  0.0427  0.0395  0.0396
  0.0535  0.0420  0.0467  0.0455  0.0427  0.0428
niter,ni,del,rscale     2    3   12.0000    1.2000
parameters
   -2.7050   -3.0486    7.7671  -12.7993    3.9384    0.2014
eta,q 0.96518  9.43737
  0.0504  0.0485  0.0412  0.0383  0.0435  0.0403
  0.0433  0.0445  0.0376  0.0356  0.0392  0.0375
  0.0383  0.0408  0.0362  0.0349  0.0361  0.0353
  0.0372  0.0371  0.0361  0.0360  0.0348  0.0348
  0.0397  0.0362  0.0377  0.0386  0.0356  0.0354
  0.0455  0.0380  0.0416  0.0417  0.0386  0.0370
  0.0532  0.0409  0.0463  0.0438  0.0429  0.0398
niter,ni,del,rscale     1    3   12.0000    1.2000
parameters
   -2.7612   -2.7169    7.1614  -13.0620    3.8979    0.3608
eta,q 0.96517  9.44768
  0.0498  0.0452  0.0426  0.0415  0.0426  0.0401
  0.0419  0.0408  0.0376  0.0381  0.0384  0.0374
  0.0363  0.0367  0.0354  0.0352  0.0358  0.0353
  0.0348  0.0348  0.0348  0.0349  0.0348  0.0348
  0.0370  0.0360  0.0365  0.0362  0.0355  0.0353
  0.0425  0.0397  0.0409  0.0390  0.0385  0.0369
  0.0500  0.0431  0.0459  0.0422  0.0430  0.0396
registration optimization eta report
parameter search radius
    6.0000    6.0000    6.0000    6.9000    6.0000    6.0000
100000*second partial in parameter space
       42.       25.       26.       15.       22.       14.
  0.0498  0.0452  0.0426  0.0415  0.0426  0.0401
  0.0419  0.0408  0.0376  0.0381  0.0384  0.0374
  0.0363  0.0367  0.0354  0.0352  0.0358  0.0353
  0.0348  0.0348  0.0348  0.0349  0.0348  0.0348
  0.0370  0.0360  0.0365  0.0362  0.0355  0.0353
  0.0425  0.0397  0.0409  0.0390  0.0385  0.0369
  0.0500  0.0431  0.0459  0.0422  0.0430  0.0396
   -2.7612   -2.7169    7.1614  -13.0620    3.8979    0.3608
eta,q 0.96517  9.44768

---------------------------------------------------------------------
imgreg_4dfp /opt/freesurfer/average/711-2C_as_mni_average_305 /opt/freesurfer/average/711-2B_as_mni_average_305_mask talsrcimg_g11 none talsrcimg_to_711-2C_as_mni_average_305_t4 3335
---------------------------------------------------------------------

freesurfer imgreg_4dfp.c
/opt/freesurfer/average/711-2C_as_mni_average_305.4dfp.img
       256       256       256         1
  1.000000  1.000000  1.000000
orientation T byte_order littleendian
Reading image: /opt/freesurfer/average/711-2C_as_mni_average_305.4dfp.img
dimensions:      256       256       256
mmppix:       1.0000   -1.0000   -1.0000
center:     128.0000 -129.0000 -129.0000
/opt/freesurfer/average/711-2B_as_mni_average_305_mask.4dfp.img
       256       256       256         1
  1.000000  1.000000  1.000000
orientation T byte_order littleendian
Reading mask: /opt/freesurfer/average/711-2B_as_mni_average_305_mask.4dfp.img (2306576 pixels)
talsrcimg_g11.4dfp.img
       256       256       256         1
  1.000000  1.000000  1.000000
orientation T byte_order littleendian
Reading image: talsrcimg_g11.4dfp.img
dimensions:      256       256       256
mmppix:       1.0000   -1.0000   -1.0000
center:     128.0000 -129.0000 -129.0000
fimgreg.f
image alignment mode   3335 decimal      D07 hex
parameters
   -2.7612   -2.7169    7.1614   -0.2333   -2.5796   -2.8127
    0.9228   -6.7642    0.6283   22.5583    6.7979  -22.5482
eta,q 0.96629  9.53815
niter,ni,del,rscale     5    3    5.0000    1.2000
parameter  4  1.276952 ->  0.500000 qaram    1.1500
parameter  5  3.509355 ->  0.500000 qaram    1.1500
parameters
   -2.4787   -1.8698    7.0795   -4.3733   -6.7196   -5.9797
    1.6153   -5.7485    2.0728   20.8760    5.8642  -22.2020
eta,q 0.97644  9.39104
  0.0376  0.0359  0.0351  0.0282  0.0221  0.0249  0.0271  0.0299  0.0267  0.0257  0.0244  0.0253
  0.0357  0.0349  0.0341  0.0287  0.0240  0.0241  0.0255  0.0269  0.0254  0.0244  0.0239  0.0244
  0.0344  0.0342  0.0336  0.0303  0.0264  0.0240  0.0244  0.0249  0.0244  0.0236  0.0236  0.0238
  0.0337  0.0337  0.0334  0.0334  0.0290  0.0246  0.0240  0.0239  0.0239  0.0238  0.0236  0.0236
  0.0338  0.0334  0.0337  0.0378  0.0318  0.0260  0.0241  0.0241  0.0238  0.0248  0.0238  0.0237
  0.0346  0.0336  0.0343  0.0422  0.0350  0.0288  0.0249  0.0252  0.0243  0.0265  0.0243  0.0242
  0.0362  0.0341  0.0353  0.0464  0.0382  0.0331  0.0261  0.0273  0.0251  0.0288  0.0250  0.0250
niter,ni,del,rscale     6    3    5.0000    1.2000
parameter  5  1.136184 ->  0.500000 qaram    1.3225
parameters
   -2.4297   -2.8543    7.2917   -7.3237  -11.4806   -4.8904
    1.2467   -6.3206    2.1588   21.4459    6.5508  -23.0631
eta,q 0.98033  9.29139
  0.0273  0.0240  0.0251  0.0247  0.0196  0.0228  0.0222  0.0232  0.0219  0.0236  0.0209  0.0209
  0.0253  0.0234  0.0241  0.0237  0.0197  0.0216  0.0209  0.0211  0.0208  0.0219  0.0203  0.0201
  0.0240  0.0232  0.0235  0.0229  0.0209  0.0206  0.0201  0.0200  0.0201  0.0205  0.0199  0.0197
  0.0236  0.0236  0.0232  0.0232  0.0230  0.0200  0.0198  0.0198  0.0198  0.0198  0.0197  0.0197
  0.0239  0.0244  0.0232  0.0250  0.0256  0.0198  0.0202  0.0206  0.0200  0.0198  0.0198  0.0200
  0.0251  0.0258  0.0237  0.0289  0.0285  0.0203  0.0212  0.0221  0.0207  0.0209  0.0200  0.0206
  0.0270  0.0274  0.0246  0.0337  0.0319  0.0217  0.0227  0.0243  0.0218  0.0228  0.0206  0.0215
niter,ni,del,rscale     6    3    5.0000    1.2000
parameters
   -2.4463   -3.2706    7.6375   -7.3495  -15.1498   -4.0149
    1.3193   -6.4457    2.2920   22.2033    6.7960  -23.2662
eta,q 0.98126  9.23672
  0.0228  0.0214  0.0217  0.0233  0.0208  0.0220  0.0215  0.0228  0.0209  0.0226  0.0199  0.0203
  0.0211  0.0202  0.0207  0.0218  0.0194  0.0207  0.0201  0.0205  0.0198  0.0208  0.0193  0.0194
  0.0201  0.0196  0.0200  0.0205  0.0189  0.0196  0.0192  0.0192  0.0191  0.0195  0.0189  0.0189
  0.0197  0.0197  0.0196  0.0195  0.0195  0.0189  0.0188  0.0188  0.0188  0.0188  0.0187  0.0187
  0.0200  0.0203  0.0196  0.0194  0.0216  0.0189  0.0191  0.0194  0.0190  0.0188  0.0188  0.0190
  0.0212  0.0215  0.0200  0.0207  0.0248  0.0195  0.0200  0.0208  0.0197  0.0197  0.0192  0.0196
  0.0229  0.0232  0.0208  0.0244  0.0284  0.0211  0.0214  0.0230  0.0208  0.0215  0.0198  0.0204
niter,ni,del,rscale     5    3    5.0000    1.2000
parameters
   -2.4606   -3.2972    7.7226   -6.8168  -15.7443   -3.9395
    1.3369   -6.4473    2.3624   22.2977    6.7537  -23.2850
eta,q 0.98139  9.23985
  0.0218  0.0212  0.0206  0.0229  0.0229  0.0216  0.0213  0.0229  0.0207  0.0219  0.0198  0.0203
  0.0202  0.0198  0.0196  0.0213  0.0207  0.0202  0.0199  0.0204  0.0196  0.0203  0.0191  0.0193
  0.0191  0.0190  0.0190  0.0199  0.0192  0.0192  0.0189  0.0191  0.0189  0.0191  0.0188  0.0188
  0.0187  0.0187  0.0187  0.0187  0.0186  0.0186  0.0186  0.0186  0.0186  0.0186  0.0186  0.0186
  0.0191  0.0191  0.0189  0.0184  0.0192  0.0188  0.0189  0.0192  0.0188  0.0188  0.0187  0.0189
  0.0202  0.0199  0.0194  0.0195  0.0213  0.0197  0.0198  0.0206  0.0195  0.0199  0.0191  0.0194
  0.0220  0.0213  0.0203  0.0229  0.0245  0.0218  0.0213  0.0228  0.0206  0.0220  0.0198  0.0202
niter,ni,del,rscale     4    3    5.0000    1.2000
parameters
   -2.4740   -3.2752    7.7072   -6.7780  -15.8143   -3.9413
    1.3195   -6.4509    2.3738   22.3314    6.7539  -23.3216
eta,q 0.98138  9.24003
  0.0218  0.0212  0.0203  0.0226  0.0233  0.0215  0.0213  0.0229  0.0206  0.0218  0.0198  0.0203
  0.0201  0.0197  0.0194  0.0211  0.0211  0.0202  0.0198  0.0204  0.0195  0.0202  0.0191  0.0193
  0.0190  0.0189  0.0188  0.0197  0.0194  0.0191  0.0189  0.0190  0.0189  0.0191  0.0188  0.0187
  0.0186  0.0186  0.0186  0.0186  0.0186  0.0186  0.0186  0.0186  0.0186  0.0186  0.0186  0.0186
  0.0190  0.0189  0.0188  0.0185  0.0189  0.0188  0.0189  0.0192  0.0188  0.0188  0.0187  0.0189
  0.0201  0.0197  0.0194  0.0199  0.0208  0.0198  0.0199  0.0206  0.0195  0.0199  0.0191  0.0194
  0.0219  0.0210  0.0204  0.0237  0.0239  0.0219  0.0213  0.0228  0.0206  0.0220  0.0198  0.0202
registration optimization eta report
parameter search radius
    2.4000    2.4000    2.4000    8.2800    9.5220    7.2000
    7.2000    7.2000    7.2000    7.2000    7.2000    7.2000
100000*second partial in parameter space
       56.       43.       30.        7.        6.        6.
        5.        8.        4.        6.        2.        3.
  0.0218  0.0212  0.0203  0.0226  0.0233  0.0215  0.0213  0.0229  0.0206  0.0218  0.0198  0.0203
  0.0201  0.0197  0.0194  0.0211  0.0211  0.0202  0.0198  0.0204  0.0195  0.0202  0.0191  0.0193
  0.0190  0.0189  0.0188  0.0197  0.0194  0.0191  0.0189  0.0190  0.0189  0.0191  0.0188  0.0187
  0.0186  0.0186  0.0186  0.0186  0.0186  0.0186  0.0186  0.0186  0.0186  0.0186  0.0186  0.0186
  0.0190  0.0189  0.0188  0.0185  0.0189  0.0188  0.0189  0.0192  0.0188  0.0188  0.0187  0.0189
  0.0201  0.0197  0.0194  0.0199  0.0208  0.0198  0.0199  0.0206  0.0195  0.0199  0.0191  0.0194
  0.0219  0.0210  0.0204  0.0237  0.0239  0.0219  0.0213  0.0228  0.0206  0.0220  0.0198  0.0202
   -2.4740   -3.2752    7.7072   -6.7780  -15.8143   -3.9413
    1.3195   -6.4509    2.3738   22.3314    6.7539  -23.3216
eta,q 0.98138  9.24003

---------------------------------------------------------------------
imgreg_4dfp /opt/freesurfer/average/711-2C_as_mni_average_305 /opt/freesurfer/average/711-2B_as_mni_average_305_mask talsrcimg_g11 none talsrcimg_to_711-2C_as_mni_average_305_t4 2311
---------------------------------------------------------------------

freesurfer imgreg_4dfp.c
/opt/freesurfer/average/711-2C_as_mni_average_305.4dfp.img
       256       256       256         1
  1.000000  1.000000  1.000000
orientation T byte_order littleendian
Reading image: /opt/freesurfer/average/711-2C_as_mni_average_305.4dfp.img
dimensions:      256       256       256
mmppix:       1.0000   -1.0000   -1.0000
center:     128.0000 -129.0000 -129.0000
/opt/freesurfer/average/711-2B_as_mni_average_305_mask.4dfp.img
       256       256       256         1
  1.000000  1.000000  1.000000
orientation T byte_order littleendian
Reading mask: /opt/freesurfer/average/711-2B_as_mni_average_305_mask.4dfp.img (2306576 pixels)
talsrcimg_g11.4dfp.img
       256       256       256         1
  1.000000  1.000000  1.000000
orientation T byte_order littleendian
Reading image: talsrcimg_g11.4dfp.img
dimensions:      256       256       256
mmppix:       1.0000   -1.0000   -1.0000
center:     128.0000 -129.0000 -129.0000
fimgreg.f
image alignment mode   2311 decimal      907 hex
parameters
   -2.4740   -3.2752    7.7072   -6.7780  -15.8143   -3.9413
    1.3195   -6.4509    2.3738   22.3314    6.7539  -23.3216
eta,q 0.98139  9.24003
niter,ni,del,rscale     5    3    5.0000    0.8000
parameters
   -2.4686   -3.2972    7.7159   -5.4126  -15.4565   -3.7097
    1.2823   -6.3604    2.4041   22.5577    6.6796  -23.2133
eta,q 0.98163  9.29387
  0.0201  0.0197  0.0194  0.0207  0.0199  0.0199  0.0196  0.0206  0.0194  0.0201  0.0189  0.0192
  0.0193  0.0191  0.0190  0.0199  0.0192  0.0192  0.0190  0.0193  0.0188  0.0192  0.0186  0.0187
  0.0188  0.0187  0.0187  0.0191  0.0187  0.0186  0.0185  0.0186  0.0185  0.0187  0.0184  0.0185
  0.0186  0.0186  0.0186  0.0186  0.0184  0.0184  0.0184  0.0184  0.0184  0.0184  0.0184  0.0184
  0.0188  0.0187  0.0187  0.0184  0.0185  0.0185  0.0185  0.0186  0.0185  0.0184  0.0184  0.0185
  0.0193  0.0191  0.0190  0.0186  0.0188  0.0189  0.0190  0.0193  0.0188  0.0189  0.0186  0.0187
  0.0201  0.0197  0.0194  0.0193  0.0196  0.0198  0.0197  0.0204  0.0194  0.0199  0.0190  0.0191
niter,ni,del,rscale     4    3    5.0000    0.7000
parameters
   -2.5015   -3.2912    7.6374   -5.5155  -15.4212   -3.6262
    1.2801   -6.4072    2.4339   22.6306    6.7768  -23.3345
eta,q 0.98163  9.29699
  0.0195  0.0193  0.0189  0.0197  0.0194  0.0195  0.0194  0.0200  0.0191  0.0196  0.0188  0.0189
  0.0189  0.0188  0.0186  0.0190  0.0189  0.0190  0.0188  0.0191  0.0187  0.0190  0.0186  0.0186
  0.0185  0.0185  0.0184  0.0186  0.0185  0.0185  0.0185  0.0185  0.0185  0.0186  0.0184  0.0184
  0.0184  0.0184  0.0184  0.0184  0.0184  0.0184  0.0184  0.0184  0.0184  0.0184  0.0184  0.0184
  0.0185  0.0185  0.0185  0.0185  0.0185  0.0185  0.0185  0.0186  0.0184  0.0184  0.0184  0.0185
  0.0189  0.0188  0.0187  0.0189  0.0188  0.0188  0.0188  0.0191  0.0187  0.0188  0.0186  0.0187
  0.0196  0.0192  0.0191  0.0200  0.0195  0.0195  0.0194  0.0200  0.0191  0.0196  0.0188  0.0190
niter,ni,del,rscale     3    3    5.0000    0.6000
parameters
   -2.5034   -3.3027    7.6249   -5.4155  -15.4217   -3.5664
    1.2828   -6.4202    2.4583   22.7187    6.7696  -23.3714
eta,q 0.98164  9.30230
  0.0192  0.0190  0.0188  0.0194  0.0191  0.0192  0.0191  0.0196  0.0189  0.0193  0.0187  0.0188
  0.0188  0.0186  0.0186  0.0189  0.0187  0.0188  0.0187  0.0189  0.0186  0.0188  0.0185  0.0185
  0.0185  0.0184  0.0184  0.0185  0.0185  0.0185  0.0184  0.0185  0.0184  0.0185  0.0184  0.0184
  0.0184  0.0184  0.0184  0.0184  0.0184  0.0184  0.0184  0.0184  0.0184  0.0184  0.0184  0.0184
  0.0185  0.0184  0.0184  0.0184  0.0184  0.0184  0.0184  0.0185  0.0184  0.0184  0.0184  0.0184
  0.0188  0.0187  0.0186  0.0187  0.0187  0.0187  0.0187  0.0189  0.0186  0.0187  0.0185  0.0186
  0.0192  0.0190  0.0188  0.0194  0.0192  0.0192  0.0191  0.0196  0.0189  0.0193  0.0187  0.0188
niter,ni,del,rscale     2    3    5.0000    0.5000
parameters
   -2.5084   -3.3073    7.6082   -5.3271  -15.4183   -3.5377
    1.2777   -6.4196    2.4685   22.7905    6.7939  -23.4296
eta,q 0.98165  9.30648
  0.0190  0.0188  0.0187  0.0191  0.0189  0.0190  0.0189  0.0192  0.0187  0.0190  0.0186  0.0187
  0.0186  0.0186  0.0185  0.0187  0.0186  0.0186  0.0186  0.0187  0.0185  0.0187  0.0185  0.0185
  0.0184  0.0184  0.0184  0.0185  0.0184  0.0184  0.0184  0.0185  0.0184  0.0185  0.0184  0.0184
  0.0184  0.0184  0.0184  0.0184  0.0184  0.0184  0.0184  0.0184  0.0184  0.0184  0.0184  0.0184
  0.0184  0.0184  0.0184  0.0184  0.0184  0.0184  0.0184  0.0185  0.0184  0.0184  0.0184  0.0184
  0.0186  0.0186  0.0185  0.0186  0.0186  0.0186  0.0186  0.0187  0.0185  0.0186  0.0185  0.0185
  0.0190  0.0188  0.0187  0.0191  0.0189  0.0189  0.0189  0.0192  0.0187  0.0190  0.0186  0.0187
niter,ni,del,rscale     1    3    5.0000    0.4000
parameters
   -2.5106   -3.3016    7.5915   -5.2551  -15.4181   -3.5299
    1.2865   -6.4391    2.4945   22.8695    6.8294  -23.4888
eta,q 0.98165  9.30985
  0.0187  0.0187  0.0186  0.0188  0.0187  0.0187  0.0187  0.0189  0.0186  0.0188  0.0185  0.0185
  0.0185  0.0185  0.0184  0.0186  0.0185  0.0185  0.0185  0.0186  0.0185  0.0186  0.0184  0.0184
  0.0184  0.0184  0.0184  0.0184  0.0184  0.0184  0.0184  0.0184  0.0184  0.0184  0.0184  0.0184
  0.0184  0.0184  0.0184  0.0184  0.0184  0.0184  0.0184  0.0184  0.0184  0.0184  0.0183  0.0183
  0.0184  0.0184  0.0184  0.0184  0.0184  0.0184  0.0184  0.0184  0.0184  0.0184  0.0184  0.0184
  0.0185  0.0185  0.0185  0.0185  0.0185  0.0185  0.0185  0.0186  0.0185  0.0185  0.0184  0.0185
  0.0187  0.0186  0.0186  0.0188  0.0187  0.0187  0.0187  0.0189  0.0186  0.0187  0.0185  0.0186
registration optimization eta report
parameter search radius
    0.8000    0.8000    0.8000    2.4000    2.4000    2.4000
    2.4000    2.4000    2.4000    2.4000    2.4000    2.4000
100000*second partial in parameter space
       61.       46.       32.        8.        6.        6.
        6.        9.        4.        7.        3.        3.
  0.0187  0.0187  0.0186  0.0188  0.0187  0.0187  0.0187  0.0189  0.0186  0.0188  0.0185  0.0185
  0.0185  0.0185  0.0184  0.0186  0.0185  0.0185  0.0185  0.0186  0.0185  0.0186  0.0184  0.0184
  0.0184  0.0184  0.0184  0.0184  0.0184  0.0184  0.0184  0.0184  0.0184  0.0184  0.0184  0.0184
  0.0184  0.0184  0.0184  0.0184  0.0184  0.0184  0.0184  0.0184  0.0184  0.0184  0.0183  0.0183
  0.0184  0.0184  0.0184  0.0184  0.0184  0.0184  0.0184  0.0184  0.0184  0.0184  0.0184  0.0184
  0.0185  0.0185  0.0185  0.0185  0.0185  0.0185  0.0185  0.0186  0.0185  0.0185  0.0184  0.0185
  0.0187  0.0186  0.0186  0.0188  0.0187  0.0187  0.0187  0.0189  0.0186  0.0187  0.0185  0.0186
   -2.5106   -3.3016    7.5915   -5.2551  -15.4181   -3.5299
    1.2865   -6.4391    2.4945   22.8695    6.8294  -23.4888
eta,q 0.98165  9.30985

---------------------------------------------------------------------
imgreg_4dfp /opt/freesurfer/average/711-2C_as_mni_average_305 /opt/freesurfer/average/711-2B_as_mni_average_305_mask talsrcimg_g11 none talsrcimg_to_711-2C_as_mni_average_305_t4 2311
---------------------------------------------------------------------

freesurfer imgreg_4dfp.c
/opt/freesurfer/average/711-2C_as_mni_average_305.4dfp.img
       256       256       256         1
  1.000000  1.000000  1.000000
orientation T byte_order littleendian
Reading image: /opt/freesurfer/average/711-2C_as_mni_average_305.4dfp.img
dimensions:      256       256       256
mmppix:       1.0000   -1.0000   -1.0000
center:     128.0000 -129.0000 -129.0000
/opt/freesurfer/average/711-2B_as_mni_average_305_mask.4dfp.img
       256       256       256         1
  1.000000  1.000000  1.000000
orientation T byte_order littleendian
Reading mask: /opt/freesurfer/average/711-2B_as_mni_average_305_mask.4dfp.img (2306576 pixels)
talsrcimg_g11.4dfp.img
       256       256       256         1
  1.000000  1.000000  1.000000
orientation T byte_order littleendian
Reading image: talsrcimg_g11.4dfp.img
dimensions:      256       256       256
mmppix:       1.0000   -1.0000   -1.0000
center:     128.0000 -129.0000 -129.0000
fimgreg.f
image alignment mode   2311 decimal      907 hex
parameters
   -2.5106   -3.3016    7.5915   -5.2551  -15.4181   -3.5299
    1.2865   -6.4391    2.4945   22.8695    6.8294  -23.4888
eta,q 0.98165  9.30986
niter,ni,del,rscale     5    3    5.0000    0.8000
parameters
   -2.5110   -3.2822    7.5680   -5.7053  -15.5515   -3.7226
    1.2897   -6.4614    2.4706   22.6814    6.7741  -23.4616
eta,q 0.98161  9.28918
  0.0199  0.0196  0.0192  0.0198  0.0197  0.0198  0.0197  0.0205  0.0193  0.0198  0.0190  0.0192
  0.0190  0.0189  0.0187  0.0191  0.0190  0.0191  0.0190  0.0193  0.0188  0.0191  0.0186  0.0187
  0.0185  0.0185  0.0184  0.0186  0.0186  0.0186  0.0185  0.0186  0.0185  0.0186  0.0185  0.0185
  0.0184  0.0184  0.0183  0.0184  0.0184  0.0184  0.0184  0.0184  0.0184  0.0184  0.0184  0.0184
  0.0185  0.0185  0.0185  0.0185  0.0185  0.0185  0.0185  0.0186  0.0185  0.0185  0.0184  0.0185
  0.0191  0.0189  0.0187  0.0193  0.0190  0.0190  0.0189  0.0193  0.0188  0.0191  0.0187  0.0187
  0.0199  0.0195  0.0192  0.0209  0.0200  0.0202  0.0197  0.0205  0.0194  0.0202  0.0190  0.0191
niter,ni,del,rscale     4    3    5.0000    0.7000
parameters
   -2.4990   -3.2912    7.6143   -5.5189  -15.4692   -3.6293
    1.2723   -6.4271    2.4627   22.6990    6.7716  -23.3882
eta,q 0.98163  9.29724
  0.0196  0.0193  0.0191  0.0198  0.0195  0.0195  0.0193  0.0200  0.0191  0.0196  0.0188  0.0190
  0.0189  0.0188  0.0187  0.0191  0.0189  0.0190  0.0188  0.0191  0.0187  0.0190  0.0186  0.0186
  0.0185  0.0185  0.0185  0.0186  0.0185  0.0185  0.0185  0.0185  0.0185  0.0185  0.0184  0.0184
  0.0184  0.0184  0.0184  0.0184  0.0184  0.0184  0.0184  0.0184  0.0184  0.0184  0.0184  0.0184
  0.0185  0.0185  0.0184  0.0184  0.0184  0.0185  0.0185  0.0185  0.0184  0.0185  0.0184  0.0184
  0.0189  0.0188  0.0186  0.0188  0.0188  0.0188  0.0188  0.0191  0.0187  0.0189  0.0186  0.0186
  0.0195  0.0193  0.0190  0.0197  0.0194  0.0195  0.0194  0.0200  0.0191  0.0196  0.0188  0.0189
niter,ni,del,rscale     3    3    5.0000    0.6000
parameters
   -2.5040   -3.3002    7.6151   -5.4110  -15.4399   -3.5718
    1.2863   -6.4243    2.4654   22.7435    6.7853  -23.4056
eta,q 0.98164  9.30244
  0.0192  0.0190  0.0188  0.0194  0.0192  0.0192  0.0191  0.0196  0.0189  0.0193  0.0187  0.0188
  0.0188  0.0186  0.0186  0.0189  0.0187  0.0188  0.0187  0.0189  0.0186  0.0188  0.0185  0.0186
  0.0185  0.0184  0.0184  0.0185  0.0185  0.0185  0.0184  0.0185  0.0184  0.0185  0.0184  0.0184
  0.0184  0.0184  0.0184  0.0184  0.0184  0.0184  0.0184  0.0184  0.0184  0.0184  0.0184  0.0184
  0.0185  0.0184  0.0184  0.0184  0.0184  0.0184  0.0184  0.0185  0.0184  0.0184  0.0184  0.0184
  0.0188  0.0187  0.0186  0.0187  0.0187  0.0187  0.0187  0.0189  0.0186  0.0187  0.0185  0.0186
  0.0192  0.0190  0.0188  0.0194  0.0192  0.0192  0.0191  0.0196  0.0189  0.0193  0.0187  0.0188
niter,ni,del,rscale     2    3    5.0000    0.5000
parameters
   -2.5071   -3.3036    7.6030   -5.3248  -15.4324   -3.5384
    1.2811   -6.4302    2.4755   22.8076    6.8095  -23.4403
eta,q 0.98165  9.30654
  0.0190  0.0188  0.0187  0.0191  0.0189  0.0190  0.0189  0.0192  0.0187  0.0190  0.0186  0.0187
  0.0186  0.0186  0.0185  0.0187  0.0186  0.0186  0.0186  0.0187  0.0185  0.0187  0.0185  0.0185
  0.0184  0.0184  0.0184  0.0185  0.0184  0.0184  0.0184  0.0184  0.0184  0.0185  0.0184  0.0184
  0.0184  0.0184  0.0184  0.0184  0.0184  0.0184  0.0184  0.0184  0.0184  0.0184  0.0184  0.0184
  0.0184  0.0184  0.0184  0.0184  0.0184  0.0184  0.0184  0.0185  0.0184  0.0184  0.0184  0.0184
  0.0186  0.0186  0.0185  0.0186  0.0186  0.0186  0.0186  0.0187  0.0185  0.0186  0.0185  0.0185
  0.0190  0.0188  0.0187  0.0191  0.0189  0.0189  0.0189  0.0192  0.0187  0.0190  0.0186  0.0187
niter,ni,del,rscale     1    3    5.0000    0.4000
parameters
   -2.5107   -3.3007    7.5913   -5.2576  -15.4250   -3.5302
    1.2870   -6.4404    2.4839   22.8707    6.8314  -23.4937
eta,q 0.98165  9.30965
  0.0187  0.0187  0.0186  0.0188  0.0187  0.0187  0.0187  0.0189  0.0186  0.0188  0.0185  0.0185
  0.0185  0.0185  0.0184  0.0186  0.0185  0.0185  0.0185  0.0186  0.0185  0.0186  0.0184  0.0184
  0.0184  0.0184  0.0184  0.0184  0.0184  0.0184  0.0184  0.0184  0.0184  0.0184  0.0184  0.0184
  0.0184  0.0184  0.0184  0.0184  0.0184  0.0184  0.0184  0.0184  0.0184  0.0184  0.0184  0.0184
  0.0184  0.0184  0.0184  0.0184  0.0184  0.0184  0.0184  0.0184  0.0184  0.0184  0.0184  0.0184
  0.0185  0.0185  0.0185  0.0185  0.0185  0.0185  0.0185  0.0186  0.0185  0.0185  0.0184  0.0185
  0.0187  0.0186  0.0186  0.0188  0.0187  0.0187  0.0187  0.0189  0.0186  0.0187  0.0185  0.0186
registration optimization eta report
parameter search radius
    0.8000    0.8000    0.8000    2.4000    2.4000    2.4000
    2.4000    2.4000    2.4000    2.4000    2.4000    2.4000
100000*second partial in parameter space
       61.       47.       32.        8.        6.        6.
        6.        9.        4.        7.        3.        3.
  0.0187  0.0187  0.0186  0.0188  0.0187  0.0187  0.0187  0.0189  0.0186  0.0188  0.0185  0.0185
  0.0185  0.0185  0.0184  0.0186  0.0185  0.0185  0.0185  0.0186  0.0185  0.0186  0.0184  0.0184
  0.0184  0.0184  0.0184  0.0184  0.0184  0.0184  0.0184  0.0184  0.0184  0.0184  0.0184  0.0184
  0.0184  0.0184  0.0184  0.0184  0.0184  0.0184  0.0184  0.0184  0.0184  0.0184  0.0184  0.0184
  0.0184  0.0184  0.0184  0.0184  0.0184  0.0184  0.0184  0.0184  0.0184  0.0184  0.0184  0.0184
  0.0185  0.0185  0.0185  0.0185  0.0185  0.0185  0.0185  0.0186  0.0185  0.0185  0.0184  0.0185
  0.0187  0.0186  0.0186  0.0188  0.0187  0.0187  0.0187  0.0189  0.0186  0.0187  0.0185  0.0186
   -2.5107   -3.3007    7.5913   -5.2576  -15.4250   -3.5302
    1.2870   -6.4404    2.4839   22.8707    6.8314  -23.4937
eta,q 0.98165  9.30965

---------------------------------------------------------------------
compute_vox2vox talsrcimg talsrcimg_to_711-2C_as_mni_average_305_t4 /opt/freesurfer/average/711-2C_as_mni_average_305
---------------------------------------------------------------------

freesurfer compute_vox2vox.c
Reading: talsrcimg.4dfp.ifh
Reading: talsrcimg_to_711-2C_as_mni_average_305_t4
Reading: /opt/freesurfer/average/711-2C_as_mni_average_305.4dfp.ifh
Writing: talsrcimg_to_711-2C_as_mni_average_305_t4_vox2vox.txt

start time Mon Feb 9 15:43:03 CET 2026
end		time Mon Feb 9 15:43:33 CET 2026

mpr2mni305 success

avi2talxfm orig_nu.mgz /opt/freesurfer/average/mni305.cor.mgz talsrcimg_to_711-2C_as_mni_average_305_t4_vox2vox.txt transforms/talairach.auto.xfm
avi2talxfm done
mv -f /out/sourcedata/freesurfer/sub-v1s0x0050642_ses-1/mri/talsrcimg_to_711-2C_as_mni_average_305_t4_vox2vox.txt /out/sourcedata/freesurfer/sub-v1s0x0050642_ses-1/mri/transforms/talsrcimg_to_711-2C_as_mni_average_305_t4_vox2vox.txt
lta_convert --src orig_nu.mgz --trg /opt/freesurfer/average/mni305.cor.mgz --inxfm transforms/talairach.auto.xfm --outlta transforms/talairach.auto.xfm.lta --subject fsaverage
7.3.2

--src: orig_nu.mgz src image (geometry).
--trg: /opt/freesurfer/average/mni305.cor.mgz trg image (geometry).
--inmni: transforms/talairach.auto.xfm input MNI/XFM transform.
--outlta: transforms/talairach.auto.xfm.lta output LTA.
--s: fsaverage subject name
 LTA read, type : 1
 1.05041   0.06935   0.00328   4.53627;
-0.07684   0.96747   0.26992   2.03750;
-0.01007  -0.26366   1.10930  -7.10220;
 0.00000   0.00000   0.00000   1.00000;
setting subject to fsaverage
Writing  LTA to file transforms/talairach.auto.xfm.lta...
lta_convert successful.
 
 
Started at Mon Feb 9 15:42:54 CET 2026
Ended   at Mon Feb  9 15:43:34 CET 2026
talairach_avi done
